This file contains any messages produced by compilers while
running configure, to aid debugging if configure makes a mistake.

It was created by configure, which was
generated by GNU Autoconf 2.68.  Invocation command line was

  $ ./configure 

## --------- ##
## Platform. ##
## --------- ##

hostname = gitlab.picmip.org
uname -m = x86_64
uname -r = 3.5.0-34-generic
uname -s = Linux
uname -v = #55~precise1-Ubuntu SMP Fri Jun 7 16:25:50 UTC 2013

/usr/bin/uname -p = unknown
/bin/uname -X     = unknown

/bin/arch              = unknown
/usr/bin/arch -k       = unknown
/usr/convex/getsysinfo = unknown
/usr/bin/hostinfo      = unknown
/bin/machine           = unknown
/usr/bin/oslevel       = unknown
/bin/universe          = unknown

PATH: /usr/local/sbin
PATH: /usr/local/bin
PATH: /usr/sbin
PATH: /usr/bin
PATH: /sbin
PATH: /bin
PATH: /usr/games


## ----------- ##
## Core tests. ##
## ----------- ##

configure:2413: checking for a BSD-compatible install
configure:2481: result: /usr/bin/install -c
configure:2492: checking whether build environment is sane
configure:2542: result: yes
configure:2683: checking for a thread-safe mkdir -p
configure:2722: result: /bin/mkdir -p
configure:2735: checking for gawk
configure:2765: result: no
configure:2735: checking for mawk
configure:2751: found /usr/bin/mawk
configure:2762: result: mawk
configure:2773: checking whether make sets $(MAKE)
configure:2795: result: yes
configure:2876: checking whether to enable maintainer-specific portions of Makefiles
configure:2885: result: no
configure:2955: checking for gcc
configure:2971: found /usr/bin/gcc
configure:2982: result: gcc
configure:3211: checking for C compiler version
configure:3220: gcc --version >&5
gcc (Ubuntu/Linaro 4.6.3-1ubuntu5) 4.6.3
Copyright (C) 2011 Free Software Foundation, Inc.
This is free software; see the source for copying conditions.  There is NO
warranty; not even for MERCHANTABILITY or FITNESS FOR A PARTICULAR PURPOSE.

configure:3231: $? = 0
configure:3220: gcc -v >&5
Using built-in specs.
COLLECT_GCC=gcc
COLLECT_LTO_WRAPPER=/usr/lib/gcc/x86_64-linux-gnu/4.6/lto-wrapper
Target: x86_64-linux-gnu
Configured with: ../src/configure -v --with-pkgversion='Ubuntu/Linaro 4.6.3-1ubuntu5' --with-bugurl=file:///usr/share/doc/gcc-4.6/README.Bugs --enable-languages=c,c++,fortran,objc,obj-c++ --prefix=/usr --program-suffix=-4.6 --enable-shared --enable-linker-build-id --with-system-zlib --libexecdir=/usr/lib --without-included-gettext --enable-threads=posix --with-gxx-include-dir=/usr/include/c++/4.6 --libdir=/usr/lib --enable-nls --with-sysroot=/ --enable-clocale=gnu --enable-libstdcxx-debug --enable-libstdcxx-time=yes --enable-gnu-unique-object --enable-plugin --enable-objc-gc --disable-werror --with-arch-32=i686 --with-tune=generic --enable-checking=release --build=x86_64-linux-gnu --host=x86_64-linux-gnu --target=x86_64-linux-gnu
Thread model: posix
gcc version 4.6.3 (Ubuntu/Linaro 4.6.3-1ubuntu5) 
configure:3231: $? = 0
configure:3220: gcc -V >&5
gcc: error: unrecognized option '-V'
gcc: fatal error: no input files
compilation terminated.
configure:3231: $? = 4
configure:3220: gcc -qversion >&5
gcc: error: unrecognized option '-qversion'
gcc: fatal error: no input files
compilation terminated.
configure:3231: $? = 4
configure:3251: checking whether the C compiler works
configure:3273: gcc  -m32   conftest.c  >&5
configure:3277: $? = 0
configure:3325: result: yes
configure:3328: checking for C compiler default output file name
configure:3330: result: a.out
configure:3336: checking for suffix of executables
configure:3343: gcc -o conftest  -m32   conftest.c  >&5
configure:3347: $? = 0
configure:3369: result: 
configure:3391: checking whether we are cross compiling
configure:3399: gcc -o conftest  -m32   conftest.c  >&5
configure:3403: $? = 0
configure:3410: ./conftest
configure:3414: $? = 0
configure:3429: result: no
configure:3434: checking for suffix of object files
configure:3456: gcc -c  -m32  conftest.c >&5
configure:3460: $? = 0
configure:3481: result: o
configure:3485: checking whether we are using the GNU C compiler
configure:3504: gcc -c  -m32  conftest.c >&5
configure:3504: $? = 0
configure:3513: result: yes
configure:3522: checking whether gcc accepts -g
configure:3542: gcc -c -g  conftest.c >&5
configure:3542: $? = 0
configure:3583: result: yes
configure:3600: checking for gcc option to accept ISO C89
configure:3664: gcc  -c  -m32  conftest.c >&5
configure:3664: $? = 0
configure:3677: result: none needed
configure:3708: checking for style of include used by make
configure:3736: result: GNU
configure:3761: checking dependency style of gcc
configure:3871: result: gcc3
configure:3915: checking build system type
configure:3929: result: x86_64-unknown-linux-gnu
configure:3949: checking host system type
configure:3962: result: x86_64-unknown-linux-gnu
configure:4003: checking how to print strings
configure:4030: result: printf
configure:4051: checking for a sed that does not truncate output
configure:4115: result: /bin/sed
configure:4133: checking for grep that handles long lines and -e
configure:4191: result: /bin/grep
configure:4196: checking for egrep
configure:4258: result: /bin/grep -E
configure:4263: checking for fgrep
configure:4325: result: /bin/grep -F
configure:4360: checking for ld used by gcc
configure:4427: result: /usr/bin/ld
configure:4434: checking if the linker (/usr/bin/ld) is GNU ld
configure:4449: result: yes
configure:4461: checking for BSD- or MS-compatible name lister (nm)
configure:4510: result: /usr/bin/nm -B
configure:4640: checking the name lister (/usr/bin/nm -B) interface
configure:4647: gcc -c  -m32  conftest.c >&5
configure:4650: /usr/bin/nm -B "conftest.o"
configure:4653: output
00000000 B some_variable
configure:4660: result: BSD nm
configure:4663: checking whether ln -s works
configure:4667: result: yes
configure:4675: checking the maximum length of command line arguments
configure:4800: result: 1572864
configure:4817: checking whether the shell understands some XSI constructs
configure:4827: result: yes
configure:4831: checking whether the shell understands "+="
configure:4837: result: yes
configure:4872: checking how to convert x86_64-unknown-linux-gnu file names to x86_64-unknown-linux-gnu format
configure:4912: result: func_convert_file_noop
configure:4919: checking how to convert x86_64-unknown-linux-gnu file names to toolchain format
configure:4939: result: func_convert_file_noop
configure:4946: checking for /usr/bin/ld option to reload object files
configure:4953: result: -r
configure:5027: checking for objdump
configure:5043: found /usr/bin/objdump
configure:5054: result: objdump
configure:5086: checking how to recognize dependent libraries
configure:5288: result: pass_all
configure:5373: checking for dlltool
configure:5403: result: no
configure:5433: checking how to associate runtime and link libraries
configure:5460: result: printf %s\n
configure:5521: checking for ar
configure:5537: found /usr/bin/ar
configure:5548: result: ar
configure:5585: checking for archiver @FILE support
configure:5602: gcc -c  -m32  conftest.c >&5
configure:5602: $? = 0
configure:5605: ar cru libconftest.a @conftest.lst >&5
configure:5608: $? = 0
configure:5613: ar cru libconftest.a @conftest.lst >&5
ar: conftest.o: No such file or directory
configure:5616: $? = 1
configure:5628: result: @
configure:5686: checking for strip
configure:5702: found /usr/bin/strip
configure:5713: result: strip
configure:5785: checking for ranlib
configure:5801: found /usr/bin/ranlib
configure:5812: result: ranlib
configure:5914: checking command to parse /usr/bin/nm -B output from gcc object
configure:6033: gcc -c  -m32  conftest.c >&5
configure:6036: $? = 0
configure:6040: /usr/bin/nm -B conftest.o \| sed -n -e 's/^.*[ ]\([ABCDGIRSTW][ABCDGIRSTW]*\)[ ][ ]*\([_A-Za-z][_A-Za-z0-9]*\)$/\1 \2 \2/p' | sed '/ __gnu_lto/d' \> conftest.nm
configure:6043: $? = 0
configure:6109: gcc -o conftest  -m32   conftest.c conftstm.o >&5
configure:6112: $? = 0
configure:6150: result: ok
configure:6187: checking for sysroot
configure:6217: result: no
configure:6294: gcc -c  -m32  conftest.c >&5
configure:6297: $? = 0
configure:6460: checking for mt
configure:6476: found /bin/mt
configure:6487: result: mt
configure:6510: checking if mt is a manifest tool
configure:6516: mt '-?'
configure:6524: result: no
configure:7156: checking how to run the C preprocessor
configure:7187: gcc -E  conftest.c
configure:7187: $? = 0
configure:7201: gcc -E  conftest.c
conftest.c:11:28: fatal error: ac_nonexistent.h: No such file or directory
compilation terminated.
configure:7201: $? = 1
configure: failed program was:
| /* confdefs.h */
| #define PACKAGE_NAME ""
| #define PACKAGE_TARNAME ""
| #define PACKAGE_VERSION ""
| #define PACKAGE_STRING ""
| #define PACKAGE_BUGREPORT ""
| #define PACKAGE_URL ""
| #define PACKAGE "libogg"
| #define VERSION "1.3.0"
| /* end confdefs.h.  */
| #include <ac_nonexistent.h>
configure:7226: result: gcc -E
configure:7246: gcc -E  conftest.c
configure:7246: $? = 0
configure:7260: gcc -E  conftest.c
conftest.c:11:28: fatal error: ac_nonexistent.h: No such file or directory
compilation terminated.
configure:7260: $? = 1
configure: failed program was:
| /* confdefs.h */
| #define PACKAGE_NAME ""
| #define PACKAGE_TARNAME ""
| #define PACKAGE_VERSION ""
| #define PACKAGE_STRING ""
| #define PACKAGE_BUGREPORT ""
| #define PACKAGE_URL ""
| #define PACKAGE "libogg"
| #define VERSION "1.3.0"
| /* end confdefs.h.  */
| #include <ac_nonexistent.h>
configure:7289: checking for ANSI C header files
configure:7309: gcc -c  -m32  conftest.c >&5
configure:7309: $? = 0
configure:7382: gcc -o conftest  -m32   conftest.c  >&5
configure:7382: $? = 0
configure:7382: ./conftest
configure:7382: $? = 0
configure:7393: result: yes
configure:7406: checking for sys/types.h
configure:7406: gcc -c  -m32  conftest.c >&5
configure:7406: $? = 0
configure:7406: result: yes
configure:7406: checking for sys/stat.h
configure:7406: gcc -c  -m32  conftest.c >&5
configure:7406: $? = 0
configure:7406: result: yes
configure:7406: checking for stdlib.h
configure:7406: gcc -c  -m32  conftest.c >&5
configure:7406: $? = 0
configure:7406: result: yes
configure:7406: checking for string.h
configure:7406: gcc -c  -m32  conftest.c >&5
configure:7406: $? = 0
configure:7406: result: yes
configure:7406: checking for memory.h
configure:7406: gcc -c  -m32  conftest.c >&5
configure:7406: $? = 0
configure:7406: result: yes
configure:7406: checking for strings.h
configure:7406: gcc -c  -m32  conftest.c >&5
configure:7406: $? = 0
configure:7406: result: yes
configure:7406: checking for inttypes.h
configure:7406: gcc -c  -m32  conftest.c >&5
configure:7406: $? = 0
configure:7406: result: yes
configure:7406: checking for stdint.h
configure:7406: gcc -c  -m32  conftest.c >&5
configure:7406: $? = 0
configure:7406: result: yes
configure:7406: checking for unistd.h
configure:7406: gcc -c  -m32  conftest.c >&5
configure:7406: $? = 0
configure:7406: result: yes
configure:7420: checking for dlfcn.h
configure:7420: gcc -c  -m32  conftest.c >&5
configure:7420: $? = 0
configure:7420: result: yes
configure:7607: checking for objdir
configure:7622: result: .libs
configure:7889: checking if gcc supports -fno-rtti -fno-exceptions
configure:7907: gcc -c  -m32  -fno-rtti -fno-exceptions conftest.c >&5
cc1: warning: command line option '-fno-rtti' is valid for C++/ObjC++ but not for C [enabled by default]
configure:7911: $? = 0
configure:7924: result: no
configure:8234: checking for gcc option to produce PIC
configure:8241: result: -fPIC -DPIC
configure:8249: checking if gcc PIC flag -fPIC -DPIC works
configure:8267: gcc -c  -m32  -fPIC -DPIC -DPIC conftest.c >&5
configure:8271: $? = 0
configure:8284: result: yes
configure:8313: checking if gcc static flag -static works
configure:8341: result: yes
configure:8356: checking if gcc supports -c -o file.o
configure:8377: gcc -c  -m32  -o out/conftest2.o conftest.c >&5
configure:8381: $? = 0
configure:8403: result: yes
configure:8411: checking if gcc supports -c -o file.o
configure:8458: result: yes
configure:8491: checking whether the gcc linker (/usr/bin/ld -m elf_i386) supports shared libraries
configure:9649: result: yes
configure:9686: checking whether -lc should be explicitly linked in
configure:9694: gcc -c  -m32  conftest.c >&5
configure:9697: $? = 0
configure:9712: gcc -shared  -fPIC -DPIC conftest.o  -v -Wl,-soname -Wl,conftest -o conftest 2\>\&1 \| /bin/grep  -lc  \>/dev/null 2\>\&1
configure:9715: $? = 0
configure:9729: result: no
configure:9894: checking dynamic linker characteristics
configure:10408: gcc -o conftest  -m32   -Wl,-rpath -Wl,/foo conftest.c  >&5
configure:10408: $? = 0
configure:10634: result: GNU/Linux ld.so
configure:10741: checking how to hardcode library paths into programs
configure:10766: result: immediate
configure:11306: checking whether stripping libraries is possible
configure:11311: result: yes
configure:11346: checking if libtool supports shared libraries
configure:11348: result: yes
configure:11351: checking whether to build shared libraries
configure:11372: result: yes
configure:11375: checking whether to build static libraries
configure:11379: result: yes
configure:11415: checking whether gcc and cc understand -c and -o together
configure:11446: gcc -c conftest.c -o conftest2.o >&5
configure:11450: $? = 0
configure:11456: gcc -c conftest.c -o conftest2.o >&5
configure:11460: $? = 0
configure:11471: cc -c conftest.c >&5
configure:11475: $? = 0
configure:11483: cc -c conftest.c -o conftest2.o >&5
configure:11487: $? = 0
configure:11493: cc -c conftest.c -o conftest2.o >&5
configure:11497: $? = 0
configure:11515: result: yes
configure:11594: checking for ANSI C header files
configure:11698: result: yes
configure:11709: checking for inttypes.h
configure:11709: result: yes
configure:11715: checking for stdint.h
configure:11715: result: yes
configure:11721: checking for sys/types.h
configure:11721: result: yes
configure:11728: checking for an ANSI C-conforming const
configure:11793: gcc -c -O20 -Wall -ffast-math -fsigned-char  -m32  conftest.c >&5
conftest.c: In function 'main':
conftest.c:53:10: warning: 't' is used uninitialized in this function [-Wuninitialized]
configure:11793: $? = 0
configure:11800: result: yes
configure:11814: checking size of int16_t
configure:11819: gcc -o conftest -O20 -Wall -ffast-math -fsigned-char  -m32   conftest.c  >&5
configure:11819: $? = 0
configure:11819: ./conftest
configure:11819: $? = 0
configure:11833: result: 2
configure:11847: checking size of uint16_t
configure:11852: gcc -o conftest -O20 -Wall -ffast-math -fsigned-char  -m32   conftest.c  >&5
configure:11852: $? = 0
configure:11852: ./conftest
configure:11852: $? = 0
configure:11866: result: 2
configure:11880: checking size of u_int16_t
configure:11885: gcc -o conftest -O20 -Wall -ffast-math -fsigned-char  -m32   conftest.c  >&5
configure:11885: $? = 0
configure:11885: ./conftest
configure:11885: $? = 0
configure:11899: result: 2
configure:11913: checking size of int32_t
configure:11918: gcc -o conftest -O20 -Wall -ffast-math -fsigned-char  -m32   conftest.c  >&5
configure:11918: $? = 0
configure:11918: ./conftest
configure:11918: $? = 0
configure:11932: result: 4
configure:11946: checking size of uint32_t
configure:11951: gcc -o conftest -O20 -Wall -ffast-math -fsigned-char  -m32   conftest.c  >&5
configure:11951: $? = 0
configure:11951: ./conftest
configure:11951: $? = 0
configure:11965: result: 4
configure:11979: checking size of u_int32_t
configure:11984: gcc -o conftest -O20 -Wall -ffast-math -fsigned-char  -m32   conftest.c  >&5
configure:11984: $? = 0
configure:11984: ./conftest
configure:11984: $? = 0
configure:11998: result: 4
configure:12012: checking size of int64_t
configure:12017: gcc -o conftest -O20 -Wall -ffast-math -fsigned-char  -m32   conftest.c  >&5
configure:12017: $? = 0
configure:12017: ./conftest
configure:12017: $? = 0
configure:12031: result: 8
configure:12045: checking size of short
configure:12050: gcc -o conftest -O20 -Wall -ffast-math -fsigned-char  -m32   conftest.c  >&5
configure:12050: $? = 0
configure:12050: ./conftest
configure:12050: $? = 0
configure:12064: result: 2
configure:12078: checking size of int
configure:12083: gcc -o conftest -O20 -Wall -ffast-math -fsigned-char  -m32   conftest.c  >&5
configure:12083: $? = 0
configure:12083: ./conftest
configure:12083: $? = 0
configure:12097: result: 4
configure:12111: checking size of long
configure:12116: gcc -o conftest -O20 -Wall -ffast-math -fsigned-char  -m32   conftest.c  >&5
configure:12116: $? = 0
configure:12116: ./conftest
configure:12116: $? = 0
configure:12130: result: 4
configure:12144: checking size of long long
configure:12149: gcc -o conftest -O20 -Wall -ffast-math -fsigned-char  -m32   conftest.c  >&5
configure:12149: $? = 0
configure:12149: ./conftest
configure:12149: $? = 0
configure:12163: result: 8
configure:12226: checking for working memcmp
configure:12269: gcc -o conftest -O20 -Wall -ffast-math -fsigned-char  -m32   conftest.c  >&5
configure:12269: $? = 0
configure:12269: ./conftest
configure:12269: $? = 0
configure:12279: result: yes
configure:12441: creating ./config.status

## ---------------------- ##
## Running config.status. ##
## ---------------------- ##

This file was extended by config.status, which was
generated by GNU Autoconf 2.68.  Invocation command line was

  CONFIG_FILES    = 
  CONFIG_HEADERS  = 
  CONFIG_LINKS    = 
  CONFIG_COMMANDS = 
  $ ./config.status 

on gitlab.picmip.org

config.status:1126: creating Makefile
config.status:1126: creating src/Makefile
config.status:1126: creating doc/Makefile
config.status:1126: creating doc/libogg/Makefile
config.status:1126: creating include/Makefile
config.status:1126: creating include/ogg/Makefile
config.status:1126: creating include/ogg/config_types.h
config.status:1126: creating libogg.spec
config.status:1126: creating ogg.pc
config.status:1126: creating ogg-uninstalled.pc
config.status:1126: creating config.h
config.status:1355: executing depfiles commands
config.status:1355: executing libtool commands

## ---------------- ##
## Cache variables. ##
## ---------------- ##

ac_cv_build=x86_64-unknown-linux-gnu
ac_cv_c_compiler_gnu=yes
ac_cv_c_const=yes
ac_cv_env_CC_set=
ac_cv_env_CC_value=
ac_cv_env_CFLAGS_set=set
ac_cv_env_CFLAGS_value=' -m32'
ac_cv_env_CPPFLAGS_set=
ac_cv_env_CPPFLAGS_value=
ac_cv_env_CPP_set=
ac_cv_env_CPP_value=
ac_cv_env_LDFLAGS_set=
ac_cv_env_LDFLAGS_value=
ac_cv_env_LIBS_set=
ac_cv_env_LIBS_value=
ac_cv_env_build_alias_set=
ac_cv_env_build_alias_value=
ac_cv_env_host_alias_set=
ac_cv_env_host_alias_value=
ac_cv_env_target_alias_set=
ac_cv_env_target_alias_value=
ac_cv_func_memcmp_working=yes
ac_cv_header_dlfcn_h=yes
ac_cv_header_inttypes_h=yes
ac_cv_header_memory_h=yes
ac_cv_header_stdc=yes
ac_cv_header_stdint_h=yes
ac_cv_header_stdlib_h=yes
ac_cv_header_string_h=yes
ac_cv_header_strings_h=yes
ac_cv_header_sys_stat_h=yes
ac_cv_header_sys_types_h=yes
ac_cv_header_unistd_h=yes
ac_cv_host=x86_64-unknown-linux-gnu
ac_cv_objext=o
ac_cv_path_EGREP='/bin/grep -E'
ac_cv_path_FGREP='/bin/grep -F'
ac_cv_path_GREP=/bin/grep
ac_cv_path_SED=/bin/sed
ac_cv_path_install='/usr/bin/install -c'
ac_cv_path_mkdir=/bin/mkdir
ac_cv_prog_AWK=mawk
ac_cv_prog_CPP='gcc -E'
ac_cv_prog_ac_ct_AR=ar
ac_cv_prog_ac_ct_CC=gcc
ac_cv_prog_ac_ct_MANIFEST_TOOL=mt
ac_cv_prog_ac_ct_OBJDUMP=objdump
ac_cv_prog_ac_ct_RANLIB=ranlib
ac_cv_prog_ac_ct_STRIP=strip
ac_cv_prog_cc_c89=
ac_cv_prog_cc_g=yes
ac_cv_prog_cc_gcc_c_o=yes
ac_cv_prog_make_make_set=yes
ac_cv_sizeof_int16_t=2
ac_cv_sizeof_int32_t=4
ac_cv_sizeof_int64_t=8
ac_cv_sizeof_int=4
ac_cv_sizeof_long=4
ac_cv_sizeof_long_long=8
ac_cv_sizeof_short=2
ac_cv_sizeof_u_int16_t=2
ac_cv_sizeof_u_int32_t=4
ac_cv_sizeof_uint16_t=2
ac_cv_sizeof_uint32_t=4
am_cv_CC_dependencies_compiler_type=gcc3
lt_cv_ar_at_file=@
lt_cv_archive_cmds_need_lc=no
lt_cv_deplibs_check_method=pass_all
lt_cv_file_magic_cmd='$MAGIC_CMD'
lt_cv_file_magic_test_file=
lt_cv_ld_reload_flag=-r
lt_cv_nm_interface='BSD nm'
lt_cv_objdir=.libs
lt_cv_path_LD=/usr/bin/ld
lt_cv_path_NM='/usr/bin/nm -B'
lt_cv_path_mainfest_tool=no
lt_cv_prog_compiler_c_o=yes
lt_cv_prog_compiler_pic='-fPIC -DPIC'
lt_cv_prog_compiler_pic_works=yes
lt_cv_prog_compiler_rtti_exceptions=no
lt_cv_prog_compiler_static_works=yes
lt_cv_prog_gnu_ld=yes
lt_cv_sharedlib_from_linklib_cmd='printf %s\n'
lt_cv_shlibpath_overrides_runpath=no
lt_cv_sys_global_symbol_pipe='sed -n -e '\''s/^.*[	 ]\([ABCDGIRSTW][ABCDGIRSTW]*\)[	 ][	 ]*\([_A-Za-z][_A-Za-z0-9]*\)$/\1 \2 \2/p'\'' | sed '\''/ __gnu_lto/d'\'''
lt_cv_sys_global_symbol_to_c_name_address='sed -n -e '\''s/^: \([^ ]*\)[ ]*$/  {\"\1\", (void *) 0},/p'\'' -e '\''s/^[ABCDGIRSTW]* \([^ ]*\) \([^ ]*\)$/  {"\2", (void *) \&\2},/p'\'''
lt_cv_sys_global_symbol_to_c_name_address_lib_prefix='sed -n -e '\''s/^: \([^ ]*\)[ ]*$/  {\"\1\", (void *) 0},/p'\'' -e '\''s/^[ABCDGIRSTW]* \([^ ]*\) \(lib[^ ]*\)$/  {"\2", (void *) \&\2},/p'\'' -e '\''s/^[ABCDGIRSTW]* \([^ ]*\) \([^ ]*\)$/  {"lib\2", (void *) \&\2},/p'\'''
lt_cv_sys_global_symbol_to_cdecl='sed -n -e '\''s/^T .* \(.*\)$/extern int \1();/p'\'' -e '\''s/^[ABCDGIRSTW]* .* \(.*\)$/extern char \1;/p'\'''
lt_cv_sys_max_cmd_len=1572864
lt_cv_to_host_file_cmd=func_convert_file_noop
lt_cv_to_tool_file_cmd=func_convert_file_noop

## ----------------- ##
## Output variables. ##
## ----------------- ##

ACLOCAL='${SHELL} /home/vic/qfusion/libsrcs/libogg/missing --run aclocal-1.11'
AMDEPBACKSLASH='\'
AMDEP_FALSE='#'
AMDEP_TRUE=''
AMTAR='${SHELL} /home/vic/qfusion/libsrcs/libogg/missing --run tar'
AR='ar'
AUTOCONF='${SHELL} /home/vic/qfusion/libsrcs/libogg/missing --run autoconf'
AUTOHEADER='${SHELL} /home/vic/qfusion/libsrcs/libogg/missing --run autoheader'
AUTOMAKE='${SHELL} /home/vic/qfusion/libsrcs/libogg/missing --run automake-1.11'
AWK='mawk'
CC='gcc'
CCDEPMODE='depmode=gcc3'
CFLAGS='-O20 -Wall -ffast-math -fsigned-char  -m32'
CPP='gcc -E'
CPPFLAGS=''
CYGPATH_W='echo'
DEBUG='-g -Wall -fsigned-char  -m32'
DEFS='-DHAVE_CONFIG_H'
DEPDIR='.deps'
DLLTOOL='false'
DSYMUTIL=''
DUMPBIN=''
ECHO_C=''
ECHO_N='-n'
ECHO_T=''
EGREP='/bin/grep -E'
EXEEXT=''
FGREP='/bin/grep -F'
GREP='/bin/grep'
INCLUDE_INTTYPES_H='1'
INCLUDE_STDINT_H='1'
INCLUDE_SYS_TYPES_H='1'
INSTALL_DATA='${INSTALL} -m 644'
INSTALL_PROGRAM='${INSTALL}'
INSTALL_SCRIPT='${INSTALL}'
INSTALL_STRIP_PROGRAM='$(install_sh) -c -s'
LD='/usr/bin/ld -m elf_i386'
LDFLAGS=''
LIBOBJS=''
LIBS=''
LIBTOOL='$(SHELL) $(top_builddir)/libtool'
LIBTOOL_DEPS='./ltmain.sh'
LIB_AGE='8'
LIB_CURRENT='8'
LIB_REVISION='0'
LIPO=''
LN_S='ln -s'
LTLIBOBJS=''
MAINT='#'
MAINTAINER_MODE_FALSE=''
MAINTAINER_MODE_TRUE='#'
MAKEINFO='${SHELL} /home/vic/qfusion/libsrcs/libogg/missing --run makeinfo'
MANIFEST_TOOL=':'
MKDIR_P='/bin/mkdir -p'
NM='/usr/bin/nm -B'
NMEDIT=''
OBJDUMP='objdump'
OBJEXT='o'
OPT=''
OTOOL64=''
OTOOL=''
PACKAGE='libogg'
PACKAGE_BUGREPORT=''
PACKAGE_NAME=''
PACKAGE_STRING=''
PACKAGE_TARNAME=''
PACKAGE_URL=''
PACKAGE_VERSION=''
PATH_SEPARATOR=':'
PROFILE='-Wall -W -pg -g -O20 -ffast-math -fsigned-char  -m32'
RANLIB='ranlib'
SED='/bin/sed'
SET_MAKE=''
SHELL='/bin/bash'
SIZE16='short'
SIZE32='int'
SIZE64='long long'
STRIP='strip'
USIZE16='unsigned short'
USIZE32='unsigned int'
VERSION='1.3.0'
ac_ct_AR='ar'
ac_ct_CC='gcc'
ac_ct_DUMPBIN=''
am__EXEEXT_FALSE=''
am__EXEEXT_TRUE='#'
am__fastdepCC_FALSE='#'
am__fastdepCC_TRUE=''
am__include='include'
am__isrc=''
am__leading_dot='.'
am__quote=''
am__tar='${AMTAR} chof - "$$tardir"'
am__untar='${AMTAR} xf -'
bindir='${exec_prefix}/bin'
build='x86_64-unknown-linux-gnu'
build_alias=''
build_cpu='x86_64'
build_os='linux-gnu'
build_vendor='unknown'
datadir='${datarootdir}'
datarootdir='${prefix}/share'
docdir='${datarootdir}/doc/${PACKAGE}'
dvidir='${docdir}'
exec_prefix='${prefix}'
host='x86_64-unknown-linux-gnu'
host_alias=''
host_cpu='x86_64'
host_os='linux-gnu'
host_vendor='unknown'
htmldir='${docdir}'
includedir='${prefix}/include'
infodir='${datarootdir}/info'
install_sh='${SHELL} /home/vic/qfusion/libsrcs/libogg/install-sh'
libdir='${exec_prefix}/lib'
libexecdir='${exec_prefix}/libexec'
localedir='${datarootdir}/locale'
localstatedir='${prefix}/var'
mandir='${datarootdir}/man'
mkdir_p='/bin/mkdir -p'
oldincludedir='/usr/include'
pdfdir='${docdir}'
prefix='/usr/local'
program_transform_name='s,x,x,'
psdir='${docdir}'
sbindir='${exec_prefix}/sbin'
sharedstatedir='${prefix}/com'
sysconfdir='${prefix}/etc'
target_alias=''

## ----------- ##
## confdefs.h. ##
## ----------- ##

/* confdefs.h */
#define PACKAGE_NAME ""
#define PACKAGE_TARNAME ""
#define PACKAGE_VERSION ""
#define PACKAGE_STRING ""
#define PACKAGE_BUGREPORT ""
#define PACKAGE_URL ""
#define PACKAGE "libogg"
#define VERSION "1.3.0"
#define STDC_HEADERS 1
#define HAVE_SYS_TYPES_H 1
#define HAVE_SYS_STAT_H 1
#define HAVE_STDLIB_H 1
#define HAVE_STRING_H 1
#define HAVE_MEMORY_H 1
#define HAVE_STRINGS_H 1
#define HAVE_INTTYPES_H 1
#define HAVE_STDINT_H 1
#define HAVE_UNISTD_H 1
#define HAVE_DLFCN_H 1
#define LT_OBJDIR ".libs/"
#define STDC_HEADERS 1
#define SIZEOF_INT16_T 2
#define SIZEOF_UINT16_T 2
#define SIZEOF_U_INT16_T 2
#define SIZEOF_INT32_T 4
#define SIZEOF_UINT32_T 4
#define SIZEOF_U_INT32_T 4
#define SIZEOF_INT64_T 8
#define SIZEOF_SHORT 2
#define SIZEOF_INT 4
#define SIZEOF_LONG 4
#define SIZEOF_LONG_LONG 8

configure: exit 0
