  q_math.c
  q_shared.c
  snd_dma.c
  snd_mem.c
  snd_mix.c
  snd_ogg.c
  snd_syscalls.c
  win_snd.c
  Generating Code...
     Creating library .\Debug\x86\snd_qf_x86.lib and object .\Debug\x86\snd_qf_x86.exp
libogg_static.lib(bitwise.obj) : warning LNK4099: PDB 'vc100.pdb' was not found with 'libogg_static.lib(bitwise.obj)' or at 'D:\Projects\qfusion\source\snd_qf\Debug\x86\vc100.pdb'; linking object as if no debug info
libogg_static.lib(framing.obj) : warning LNK4099: PDB 'vc100.pdb' was not found with 'libogg_static.lib(framing.obj)' or at 'D:\Projects\qfusion\source\snd_qf\Debug\x86\vc100.pdb'; linking object as if no debug info
libvorbis_static.lib(bitrate.obj) : warning LNK4099: PDB 'vc100.pdb' was not found with 'libvorbis_static.lib(bitrate.obj)' or at 'D:\Projects\qfusion\source\snd_qf\Debug\x86\vc100.pdb'; linking object as if no debug info
libvorbis_static.lib(block.obj) : warning LNK4099: PDB 'vc100.pdb' was not found with 'libvorbis_static.lib(block.obj)' or at 'D:\Projects\qfusion\source\snd_qf\Debug\x86\vc100.pdb'; linking object as if no debug info
libvorbis_static.lib(codebook.obj) : warning LNK4099: PDB 'vc100.pdb' was not found with 'libvorbis_static.lib(codebook.obj)' or at 'D:\Projects\qfusion\source\snd_qf\Debug\x86\vc100.pdb'; linking object as if no debug info
libvorbis_static.lib(envelope.obj) : warning LNK4099: PDB 'vc100.pdb' was not found with 'libvorbis_static.lib(envelope.obj)' or at 'D:\Projects\qfusion\source\snd_qf\Debug\x86\vc100.pdb'; linking object as if no debug info
libvorbis_static.lib(floor0.obj) : warning LNK4099: PDB 'vc100.pdb' was not found with 'libvorbis_static.lib(floor0.obj)' or at 'D:\Projects\qfusion\source\snd_qf\Debug\x86\vc100.pdb'; linking object as if no debug info
libvorbis_static.lib(floor1.obj) : warning LNK4099: PDB 'vc100.pdb' was not found with 'libvorbis_static.lib(floor1.obj)' or at 'D:\Projects\qfusion\source\snd_qf\Debug\x86\vc100.pdb'; linking object as if no debug info
libvorbis_static.lib(info.obj) : warning LNK4099: PDB 'vc100.pdb' was not found with 'libvorbis_static.lib(info.obj)' or at 'D:\Projects\qfusion\source\snd_qf\Debug\x86\vc100.pdb'; linking object as if no debug info
libvorbis_static.lib(lpc.obj) : warning LNK4099: PDB 'vc100.pdb' was not found with 'libvorbis_static.lib(lpc.obj)' or at 'D:\Projects\qfusion\source\snd_qf\Debug\x86\vc100.pdb'; linking object as if no debug info
libvorbis_static.lib(lsp.obj) : warning LNK4099: PDB 'vc100.pdb' was not found with 'libvorbis_static.lib(lsp.obj)' or at 'D:\Projects\qfusion\source\snd_qf\Debug\x86\vc100.pdb'; linking object as if no debug info
libvorbis_static.lib(mapping0.obj) : warning LNK4099: PDB 'vc100.pdb' was not found with 'libvorbis_static.lib(mapping0.obj)' or at 'D:\Projects\qfusion\source\snd_qf\Debug\x86\vc100.pdb'; linking object as if no debug info
libvorbis_static.lib(mdct.obj) : warning LNK4099: PDB 'vc100.pdb' was not found with 'libvorbis_static.lib(mdct.obj)' or at 'D:\Projects\qfusion\source\snd_qf\Debug\x86\vc100.pdb'; linking object as if no debug info
libvorbis_static.lib(psy.obj) : warning LNK4099: PDB 'vc100.pdb' was not found with 'libvorbis_static.lib(psy.obj)' or at 'D:\Projects\qfusion\source\snd_qf\Debug\x86\vc100.pdb'; linking object as if no debug info
libvorbis_static.lib(registry.obj) : warning LNK4099: PDB 'vc100.pdb' was not found with 'libvorbis_static.lib(registry.obj)' or at 'D:\Projects\qfusion\source\snd_qf\Debug\x86\vc100.pdb'; linking object as if no debug info
libvorbis_static.lib(res0.obj) : warning LNK4099: PDB 'vc100.pdb' was not found with 'libvorbis_static.lib(res0.obj)' or at 'D:\Projects\qfusion\source\snd_qf\Debug\x86\vc100.pdb'; linking object as if no debug info
libvorbis_static.lib(sharedbook.obj) : warning LNK4099: PDB 'vc100.pdb' was not found with 'libvorbis_static.lib(sharedbook.obj)' or at 'D:\Projects\qfusion\source\snd_qf\Debug\x86\vc100.pdb'; linking object as if no debug info
libvorbis_static.lib(smallft.obj) : warning LNK4099: PDB 'vc100.pdb' was not found with 'libvorbis_static.lib(smallft.obj)' or at 'D:\Projects\qfusion\source\snd_qf\Debug\x86\vc100.pdb'; linking object as if no debug info
libvorbis_static.lib(synthesis.obj) : warning LNK4099: PDB 'vc100.pdb' was not found with 'libvorbis_static.lib(synthesis.obj)' or at 'D:\Projects\qfusion\source\snd_qf\Debug\x86\vc100.pdb'; linking object as if no debug info
libvorbis_static.lib(window.obj) : warning LNK4099: PDB 'vc100.pdb' was not found with 'libvorbis_static.lib(window.obj)' or at 'D:\Projects\qfusion\source\snd_qf\Debug\x86\vc100.pdb'; linking object as if no debug info
libvorbisfile_static.lib(vorbisfile.obj) : warning LNK4099: PDB 'vc100.pdb' was not found with 'libvorbisfile_static.lib(vorbisfile.obj)' or at 'D:\Projects\qfusion\source\snd_qf\Debug\x86\vc100.pdb'; linking object as if no debug info
  snd_qf.vcxproj -> D:\Projects\qfusion\source\snd_qf\..\Debug\x86\libs\snd_qf_x86.dll
