This file contains any messages produced by compilers while
running configure, to aid debugging if configure makes a mistake.

It was created by libtheora configure 1.1.1, which was
generated by GNU Autoconf 2.63.  Invocation command line was

  $ ./configure --disable-encode --disable-examples

## --------- ##
## Platform. ##
## --------- ##

hostname = gitlab.picmip.org
uname -m = x86_64
uname -r = 3.5.0-34-generic
uname -s = Linux
uname -v = #55~precise1-Ubuntu SMP Fri Jun 7 16:25:50 UTC 2013

/usr/bin/uname -p = unknown
/bin/uname -X     = unknown

/bin/arch              = unknown
/usr/bin/arch -k       = unknown
/usr/convex/getsysinfo = unknown
/usr/bin/hostinfo      = unknown
/bin/machine           = unknown
/usr/bin/oslevel       = unknown
/bin/universe          = unknown

PATH: /usr/local/sbin
PATH: /usr/local/bin
PATH: /usr/sbin
PATH: /usr/bin
PATH: /sbin
PATH: /bin
PATH: /usr/games


## ----------- ##
## Core tests. ##
## ----------- ##

configure:2173: checking build system type
configure:2191: result: x86_64-unknown-linux-gnu
configure:2213: checking host system type
configure:2228: result: x86_64-unknown-linux-gnu
configure:2250: checking target system type
configure:2265: result: x86_64-unknown-linux-gnu
configure:2316: checking for a BSD-compatible install
configure:2384: result: /usr/bin/install -c
configure:2395: checking whether build environment is sane
configure:2438: result: yes
configure:2468: checking for gawk
configure:2498: result: no
configure:2468: checking for mawk
configure:2484: found /usr/bin/mawk
configure:2495: result: mawk
configure:2506: checking whether make sets $(MAKE)
configure:2528: result: yes
configure:2685: checking whether to enable maintainer-specific portions of Makefiles
configure:2694: result: no
configure:2784: checking for gcc
configure:2800: found /usr/bin/gcc
configure:2811: result: gcc
configure:3043: checking for C compiler version
configure:3051: gcc --version >&5
gcc (Ubuntu/Linaro 4.6.3-1ubuntu5) 4.6.3
Copyright (C) 2011 Free Software Foundation, Inc.
This is free software; see the source for copying conditions.  There is NO
warranty; not even for MERCHANTABILITY or FITNESS FOR A PARTICULAR PURPOSE.

configure:3055: $? = 0
configure:3062: gcc -v >&5
Using built-in specs.
COLLECT_GCC=gcc
COLLECT_LTO_WRAPPER=/usr/lib/gcc/x86_64-linux-gnu/4.6/lto-wrapper
Target: x86_64-linux-gnu
Configured with: ../src/configure -v --with-pkgversion='Ubuntu/Linaro 4.6.3-1ubuntu5' --with-bugurl=file:///usr/share/doc/gcc-4.6/README.Bugs --enable-languages=c,c++,fortran,objc,obj-c++ --prefix=/usr --program-suffix=-4.6 --enable-shared --enable-linker-build-id --with-system-zlib --libexecdir=/usr/lib --without-included-gettext --enable-threads=posix --with-gxx-include-dir=/usr/include/c++/4.6 --libdir=/usr/lib --enable-nls --with-sysroot=/ --enable-clocale=gnu --enable-libstdcxx-debug --enable-libstdcxx-time=yes --enable-gnu-unique-object --enable-plugin --enable-objc-gc --disable-werror --with-arch-32=i686 --with-tune=generic --enable-checking=release --build=x86_64-linux-gnu --host=x86_64-linux-gnu --target=x86_64-linux-gnu
Thread model: posix
gcc version 4.6.3 (Ubuntu/Linaro 4.6.3-1ubuntu5) 
configure:3066: $? = 0
configure:3073: gcc -V >&5
gcc: error: unrecognized option '-V'
gcc: fatal error: no input files
compilation terminated.
configure:3077: $? = 4
configure:3100: checking for C compiler default output file name
configure:3122: gcc  -m32   -L/home/vic/qfusion/libsrcs/libtheora/../libogg/src/.libs/ conftest.c  >&5
configure:3126: $? = 0
configure:3164: result: a.out
configure:3183: checking whether the C compiler works
configure:3193: ./a.out
configure:3197: $? = 0
configure:3216: result: yes
configure:3223: checking whether we are cross compiling
configure:3225: result: no
configure:3228: checking for suffix of executables
configure:3235: gcc -o conftest  -m32   -L/home/vic/qfusion/libsrcs/libtheora/../libogg/src/.libs/ conftest.c  >&5
configure:3239: $? = 0
configure:3265: result: 
configure:3271: checking for suffix of object files
configure:3297: gcc -c  -m32  conftest.c >&5
configure:3301: $? = 0
configure:3326: result: o
configure:3330: checking whether we are using the GNU C compiler
configure:3359: gcc -c  -m32  conftest.c >&5
configure:3366: $? = 0
configure:3383: result: yes
configure:3392: checking whether gcc accepts -g
configure:3422: gcc -c -g  conftest.c >&5
configure:3429: $? = 0
configure:3530: result: yes
configure:3547: checking for gcc option to accept ISO C89
configure:3621: gcc  -c  -m32  conftest.c >&5
configure:3628: $? = 0
configure:3651: result: none needed
configure:3688: checking for style of include used by make
configure:3716: result: GNU
configure:3744: checking dependency style of gcc
configure:3806: result: gcc3
configure:3816: checking how to run the C preprocessor
configure:3856: gcc -E  conftest.c
configure:3863: $? = 0
configure:3894: gcc -E  conftest.c
conftest.c:10:28: fatal error: ac_nonexistent.h: No such file or directory
compilation terminated.
configure:3901: $? = 1
configure: failed program was:
| /* confdefs.h.  */
| #define PACKAGE_NAME "libtheora"
| #define PACKAGE_TARNAME "libtheora"
| #define PACKAGE_VERSION "1.1.1"
| #define PACKAGE_STRING "libtheora 1.1.1"
| #define PACKAGE_BUGREPORT ""
| #define PACKAGE "libtheora"
| #define VERSION "1.1.1"
| /* end confdefs.h.  */
| #include <ac_nonexistent.h>
configure:3934: result: gcc -E
configure:3963: gcc -E  conftest.c
configure:3970: $? = 0
configure:4001: gcc -E  conftest.c
conftest.c:10:28: fatal error: ac_nonexistent.h: No such file or directory
compilation terminated.
configure:4008: $? = 1
configure: failed program was:
| /* confdefs.h.  */
| #define PACKAGE_NAME "libtheora"
| #define PACKAGE_TARNAME "libtheora"
| #define PACKAGE_VERSION "1.1.1"
| #define PACKAGE_STRING "libtheora 1.1.1"
| #define PACKAGE_BUGREPORT ""
| #define PACKAGE "libtheora"
| #define VERSION "1.1.1"
| /* end confdefs.h.  */
| #include <ac_nonexistent.h>
configure:4050: checking whether gcc and cc understand -c and -o together
configure:4085: gcc -c conftest.c -o conftest2.o >&5
configure:4089: $? = 0
configure:4095: gcc -c conftest.c -o conftest2.o >&5
configure:4099: $? = 0
configure:4110: cc -c conftest.c >&5
configure:4114: $? = 0
configure:4122: cc -c conftest.c -o conftest2.o >&5
configure:4126: $? = 0
configure:4132: cc -c conftest.c -o conftest2.o >&5
configure:4136: $? = 0
configure:4154: result: yes
configure:4507: checking for a sed that does not truncate output
configure:4573: result: /bin/sed
configure:4591: checking for grep that handles long lines and -e
configure:4651: result: /bin/grep
configure:4656: checking for egrep
configure:4720: result: /bin/grep -E
configure:4725: checking for fgrep
configure:4789: result: /bin/grep -F
configure:4824: checking for ld used by gcc
configure:4891: result: /usr/bin/ld
configure:4900: checking if the linker (/usr/bin/ld) is GNU ld
configure:4915: result: yes
configure:4927: checking for BSD- or MS-compatible name lister (nm)
configure:4976: result: /usr/bin/nm -B
configure:5094: checking the name lister (/usr/bin/nm -B) interface
configure:5101: gcc -c  -m32  conftest.c >&5
configure:5104: /usr/bin/nm -B "conftest.o"
configure:5107: output
00000000 B some_variable
configure:5114: result: BSD nm
configure:5117: checking whether ln -s works
configure:5121: result: yes
configure:5129: checking the maximum length of command line arguments
configure:5249: result: 1572864
configure:5266: checking whether the shell understands some XSI constructs
configure:5276: result: yes
configure:5280: checking whether the shell understands "+="
configure:5286: result: yes
configure:5321: checking for /usr/bin/ld option to reload object files
configure:5328: result: -r
configure:5397: checking for objdump
configure:5424: result: objdump
configure:5453: checking how to recognize dependent libraries
configure:5649: result: pass_all
configure:5709: checking for ar
configure:5725: found /usr/bin/ar
configure:5736: result: ar
configure:5814: checking for strip
configure:5830: found /usr/bin/strip
configure:5841: result: strip
configure:5913: checking for ranlib
configure:5929: found /usr/bin/ranlib
configure:5940: result: ranlib
configure:6030: checking command to parse /usr/bin/nm -B output from gcc object
configure:6148: gcc -c  -m32  conftest.c >&5
configure:6151: $? = 0
configure:6155: /usr/bin/nm -B conftest.o \| sed -n -e 's/^.*[	 ]\([ABCDGIRSTW][ABCDGIRSTW]*\)[	 ][	 ]*\([_A-Za-z][_A-Za-z0-9]*\)$/\1 \2 \2/p' \> conftest.nm
configure:6158: $? = 0
configure:6212: gcc -o conftest  -m32   -L/home/vic/qfusion/libsrcs/libtheora/../libogg/src/.libs/ conftest.c conftstm.o >&5
configure:6215: $? = 0
configure:6253: result: ok
configure:6349: gcc -c  -m32  conftest.c >&5
configure:6352: $? = 0
configure:7116: checking for ANSI C header files
configure:7146: gcc -c  -m32  conftest.c >&5
configure:7153: $? = 0
configure:7252: gcc -o conftest  -m32   -L/home/vic/qfusion/libsrcs/libtheora/../libogg/src/.libs/ conftest.c  >&5
configure:7256: $? = 0
configure:7262: ./conftest
configure:7266: $? = 0
configure:7284: result: yes
configure:7308: checking for sys/types.h
configure:7329: gcc -c  -m32  conftest.c >&5
configure:7336: $? = 0
configure:7353: result: yes
configure:7308: checking for sys/stat.h
configure:7329: gcc -c  -m32  conftest.c >&5
configure:7336: $? = 0
configure:7353: result: yes
configure:7308: checking for stdlib.h
configure:7329: gcc -c  -m32  conftest.c >&5
configure:7336: $? = 0
configure:7353: result: yes
configure:7308: checking for string.h
configure:7329: gcc -c  -m32  conftest.c >&5
configure:7336: $? = 0
configure:7353: result: yes
configure:7308: checking for memory.h
configure:7329: gcc -c  -m32  conftest.c >&5
configure:7336: $? = 0
configure:7353: result: yes
configure:7308: checking for strings.h
configure:7329: gcc -c  -m32  conftest.c >&5
configure:7336: $? = 0
configure:7353: result: yes
configure:7308: checking for inttypes.h
configure:7329: gcc -c  -m32  conftest.c >&5
configure:7336: $? = 0
configure:7353: result: yes
configure:7308: checking for stdint.h
configure:7329: gcc -c  -m32  conftest.c >&5
configure:7336: $? = 0
configure:7353: result: yes
configure:7308: checking for unistd.h
configure:7329: gcc -c  -m32  conftest.c >&5
configure:7336: $? = 0
configure:7353: result: yes
configure:7371: checking for dlfcn.h
configure:7392: gcc -c  -m32  conftest.c >&5
configure:7399: $? = 0
configure:7416: result: yes
configure:7600: checking for objdir
configure:7615: result: .libs
configure:7907: checking if gcc supports -fno-rtti -fno-exceptions
configure:7925: gcc -c  -m32  -fno-rtti -fno-exceptions conftest.c >&5
cc1: warning: command line option '-fno-rtti' is valid for C++/ObjC++ but not for C [enabled by default]
configure:7929: $? = 0
configure:7942: result: no
configure:7962: checking for gcc option to produce PIC
configure:8234: result: -fPIC -DPIC
configure:8246: checking if gcc PIC flag -fPIC -DPIC works
configure:8264: gcc -c  -m32  -fPIC -DPIC -DPIC conftest.c >&5
configure:8268: $? = 0
configure:8281: result: yes
configure:8305: checking if gcc static flag -static works
configure:8333: result: yes
configure:8348: checking if gcc supports -c -o file.o
configure:8369: gcc -c  -m32  -o out/conftest2.o conftest.c >&5
configure:8373: $? = 0
configure:8395: result: yes
configure:8403: checking if gcc supports -c -o file.o
configure:8450: result: yes
configure:8483: checking whether the gcc linker (/usr/bin/ld -m elf_i386) supports shared libraries
configure:9557: result: yes
configure:9594: checking whether -lc should be explicitly linked in
configure:9599: gcc -c  -m32  conftest.c >&5
configure:9602: $? = 0
configure:9617: gcc -shared conftest.o  -v -Wl,-soname -Wl,conftest -o conftest 2\>\&1 \| /bin/grep  -lc  \>/dev/null 2\>\&1
configure:9620: $? = 0
configure:9632: result: no
configure:9796: checking dynamic linker characteristics
configure:10239: gcc -o conftest  -m32   -L/home/vic/qfusion/libsrcs/libtheora/../libogg/src/.libs/ -Wl,-rpath -Wl,/foo conftest.c  >&5
configure:10246: $? = 0
configure:10482: result: GNU/Linux ld.so
configure:10584: checking how to hardcode library paths into programs
configure:10609: result: immediate
configure:11442: checking whether stripping libraries is possible
configure:11447: result: yes
configure:11482: checking if libtool supports shared libraries
configure:11484: result: yes
configure:11487: checking whether to build shared libraries
configure:11508: result: yes
configure:11511: checking whether to build static libraries
configure:11515: result: yes
configure:11556: checking for doxygen
configure:11584: result: false
configure:11603: WARNING: *** doxygen not found, API documentation will not be built
configure:11625: checking for pdflatex
configure:11655: result: no
configure:11662: checking for bibtex
configure:11692: result: no
configure:11699: checking for fig2dev
configure:11729: result: no
configure:11782: WARNING: *** Format Specification will not built.
configure:11949: checking for ld used by gcc
configure:12016: result: /usr/bin/ld
configure:12025: checking if the linker (/usr/bin/ld) is GNU ld
configure:12040: result: yes
configure:12050: checking how to control symbol export
configure:12071: result: --version-script
configure:12110: checking for pkg-config
configure:12126: found /usr/bin/pkg-config
configure:12137: result: yes
configure:12196: checking for pkg-config
configure:12214: found /usr/bin/pkg-config
configure:12226: result: /usr/bin/pkg-config
configure:12251: checking pkg-config is at least version 0.9.0
configure:12254: result: yes
configure:12265: checking for OGG
configure:12273: $PKG_CONFIG --exists --print-errors "ogg >= 1.1"
configure:12276: $? = 0
configure:12291: $PKG_CONFIG --exists --print-errors "ogg >= 1.1"
configure:12294: $? = 0
configure:12330: result: yes
configure:12691: checking for VORBIS
configure:12699: $PKG_CONFIG --exists --print-errors "vorbis >= 1.0.1"
configure:12702: $? = 0
configure:12717: $PKG_CONFIG --exists --print-errors "vorbis >= 1.0.1"
configure:12720: $? = 0
configure:12756: result: yes
configure:13037: checking for sdl-config
configure:13055: found /usr/bin/sdl-config
configure:13068: result: /usr/bin/sdl-config
configure:13077: checking for SDL - version >= 0.11.0
configure:13174: gcc -o conftest -Wall -Wno-parentheses -O3 -fforce-addr -fomit-frame-pointer -finline-functions -funroll-loops  -m32 -I/usr/include/SDL -D_GNU_SOURCE=1 -D_REENTRANT   -L/home/vic/qfusion/libsrcs/libtheora/../libogg/src/.libs/ conftest.c  -L/usr/lib/x86_64-linux-gnu -lSDL >&5
/usr/bin/ld: skipping incompatible /usr/lib/x86_64-linux-gnu/libSDL.so when searching for -lSDL
/usr/bin/ld: skipping incompatible /usr/lib/x86_64-linux-gnu/libSDL.a when searching for -lSDL
/usr/bin/ld: skipping incompatible /usr/lib/x86_64-linux-gnu/libc.so when searching for -lc
/usr/bin/ld: skipping incompatible /usr/lib/x86_64-linux-gnu/libc.a when searching for -lc
configure:13178: $? = 0
configure:13184: ./conftest
configure:13188: $? = 0
configure:13210: result: yes
configure:13332: checking sys/soundcard.h usability
configure:13349: gcc -c -Wall -Wno-parentheses -O3 -fforce-addr -fomit-frame-pointer -finline-functions -funroll-loops  -m32  conftest.c >&5
configure:13356: $? = 0
configure:13370: result: yes
configure:13374: checking sys/soundcard.h presence
configure:13389: gcc -E  conftest.c
configure:13396: $? = 0
configure:13410: result: yes
configure:13438: checking for sys/soundcard.h
configure:13447: result: yes
configure:13483: checking for PNG
configure:13491: $PKG_CONFIG --exists --print-errors "libpng"
configure:13494: $? = 0
configure:13509: $PKG_CONFIG --exists --print-errors "libpng"
configure:13512: $? = 0
configure:13548: result: yes
configure:13742: checking for library containing ftime
configure:13783: gcc -o conftest -Wall -Wno-parentheses -O3 -fforce-addr -fomit-frame-pointer -finline-functions -funroll-loops  -m32   -L/home/vic/qfusion/libsrcs/libtheora/../libogg/src/.libs/ conftest.c  >&5
configure:13790: $? = 0
configure:13821: result: none required
configure:13830: checking for getopt_long
configure:13886: gcc -o conftest -Wall -Wno-parentheses -O3 -fforce-addr -fomit-frame-pointer -finline-functions -funroll-loops  -m32   -L/home/vic/qfusion/libsrcs/libtheora/../libogg/src/.libs/ conftest.c  >&5
configure:13893: $? = 0
configure:13913: result: yes
configure:14102: creating ./config.status

## ---------------------- ##
## Running config.status. ##
## ---------------------- ##

This file was extended by libtheora config.status 1.1.1, which was
generated by GNU Autoconf 2.63.  Invocation command line was

  CONFIG_FILES    = 
  CONFIG_HEADERS  = 
  CONFIG_LINKS    = 
  CONFIG_COMMANDS = 
  $ ./config.status 

on gitlab.picmip.org

config.status:1060: creating Makefile
config.status:1207: WARNING:  'Makefile.in' seems to ignore the --datarootdir setting
config.status:1060: creating lib/Makefile
config.status:1207: WARNING:  'lib/Makefile.in' seems to ignore the --datarootdir setting
config.status:1060: creating include/Makefile
config.status:1207: WARNING:  'include/Makefile.in' seems to ignore the --datarootdir setting
config.status:1060: creating include/theora/Makefile
config.status:1207: WARNING:  'include/theora/Makefile.in' seems to ignore the --datarootdir setting
config.status:1060: creating examples/Makefile
config.status:1207: WARNING:  'examples/Makefile.in' seems to ignore the --datarootdir setting
config.status:1060: creating doc/Makefile
config.status:1207: WARNING:  'doc/Makefile.in' seems to ignore the --datarootdir setting
config.status:1060: creating doc/Doxyfile
config.status:1060: creating doc/spec/Makefile
config.status:1207: WARNING:  'doc/spec/Makefile.in' seems to ignore the --datarootdir setting
config.status:1060: creating tests/Makefile
config.status:1207: WARNING:  'tests/Makefile.in' seems to ignore the --datarootdir setting
config.status:1060: creating m4/Makefile
config.status:1207: WARNING:  'm4/Makefile.in' seems to ignore the --datarootdir setting
config.status:1060: creating libtheora.spec
config.status:1060: creating theora.pc
config.status:1060: creating theora-uninstalled.pc
config.status:1060: creating theoradec.pc
config.status:1060: creating theoradec-uninstalled.pc
config.status:1060: creating theoraenc.pc
config.status:1060: creating theoraenc-uninstalled.pc
config.status:1060: creating config.h
config.status:1294: executing depfiles commands
config.status:1294: executing libtool commands
configure:16464: result:
------------------------------------------------------------------------
  libtheora 1.1.1:  Automatic configuration OK.

  General configuration:

    Encoding support: ........... no
    Floating point support: ..... yes
    Assembly optimization: ...... 64 bit x86
    Debugging telemetry: ........ no
    Build example code: ......... no
    API Documentation: .......... no
    Format Documentation: ....... no

  Installation paths:

    libtheora: ................... /usr/local/lib
    C header files: .............. /usr/local/include/theora
    Documentation: ............... /usr/local/share/doc/libtheora

  Building:

    Type 'make' to compile libtheora.

    Type 'make install' to install libtheora.

    Type 'make check' to run test suite (Valgrind testing not enabled)

  Example programs will be built but not installed.
------------------------------------------------------------------------


## ---------------- ##
## Cache variables. ##
## ---------------- ##

ac_cv_build=x86_64-unknown-linux-gnu
ac_cv_c_compiler_gnu=yes
ac_cv_env_CAIRO_CFLAGS_set=
ac_cv_env_CAIRO_CFLAGS_value=
ac_cv_env_CAIRO_LIBS_set=
ac_cv_env_CAIRO_LIBS_value=
ac_cv_env_CC_set=
ac_cv_env_CC_value=
ac_cv_env_CFLAGS_set=set
ac_cv_env_CFLAGS_value=' -m32'
ac_cv_env_CPPFLAGS_set=
ac_cv_env_CPPFLAGS_value=
ac_cv_env_CPP_set=
ac_cv_env_CPP_value=
ac_cv_env_LDFLAGS_set=set
ac_cv_env_LDFLAGS_value=' -L/home/vic/qfusion/libsrcs/libtheora/../libogg/src/.libs/'
ac_cv_env_LIBS_set=
ac_cv_env_LIBS_value=
ac_cv_env_OGG_CFLAGS_set=
ac_cv_env_OGG_CFLAGS_value=
ac_cv_env_OGG_LIBS_set=
ac_cv_env_OGG_LIBS_value=
ac_cv_env_PKG_CONFIG_set=
ac_cv_env_PKG_CONFIG_value=
ac_cv_env_PNG_CFLAGS_set=
ac_cv_env_PNG_CFLAGS_value=
ac_cv_env_PNG_LIBS_set=
ac_cv_env_PNG_LIBS_value=
ac_cv_env_VORBIS_CFLAGS_set=
ac_cv_env_VORBIS_CFLAGS_value=
ac_cv_env_VORBIS_LIBS_set=
ac_cv_env_VORBIS_LIBS_value=
ac_cv_env_build_alias_set=
ac_cv_env_build_alias_value=
ac_cv_env_host_alias_set=
ac_cv_env_host_alias_value=
ac_cv_env_target_alias_set=
ac_cv_env_target_alias_value=
ac_cv_func_getopt_long=yes
ac_cv_header_dlfcn_h=yes
ac_cv_header_inttypes_h=yes
ac_cv_header_memory_h=yes
ac_cv_header_stdc=yes
ac_cv_header_stdint_h=yes
ac_cv_header_stdlib_h=yes
ac_cv_header_string_h=yes
ac_cv_header_strings_h=yes
ac_cv_header_sys_soundcard_h=yes
ac_cv_header_sys_stat_h=yes
ac_cv_header_sys_types_h=yes
ac_cv_header_unistd_h=yes
ac_cv_host=x86_64-unknown-linux-gnu
ac_cv_objext=o
ac_cv_path_EGREP='/bin/grep -E'
ac_cv_path_FGREP='/bin/grep -F'
ac_cv_path_GREP=/bin/grep
ac_cv_path_SDL_CONFIG=/usr/bin/sdl-config
ac_cv_path_SED=/bin/sed
ac_cv_path_ac_pt_PKG_CONFIG=/usr/bin/pkg-config
ac_cv_path_install='/usr/bin/install -c'
ac_cv_prog_AWK=mawk
ac_cv_prog_CPP='gcc -E'
ac_cv_prog_HAVE_DOXYGEN=false
ac_cv_prog_HAVE_PKG_CONFIG=yes
ac_cv_prog_ac_ct_AR=ar
ac_cv_prog_ac_ct_CC=gcc
ac_cv_prog_ac_ct_OBJDUMP=objdump
ac_cv_prog_ac_ct_RANLIB=ranlib
ac_cv_prog_ac_ct_STRIP=strip
ac_cv_prog_cc_c89=
ac_cv_prog_cc_g=yes
ac_cv_prog_cc_gcc_c_o=yes
ac_cv_prog_make_make_set=yes
ac_cv_search_ftime='none required'
ac_cv_target=x86_64-unknown-linux-gnu
am_cv_CC_dependencies_compiler_type=gcc3
lt_cv_deplibs_check_method=pass_all
lt_cv_file_magic_cmd='$MAGIC_CMD'
lt_cv_file_magic_test_file=
lt_cv_ld_reload_flag=-r
lt_cv_nm_interface='BSD nm'
lt_cv_objdir=.libs
lt_cv_path_LD=/usr/bin/ld
lt_cv_path_NM='/usr/bin/nm -B'
lt_cv_prog_compiler_c_o=yes
lt_cv_prog_compiler_pic_works=yes
lt_cv_prog_compiler_rtti_exceptions=no
lt_cv_prog_compiler_static_works=yes
lt_cv_prog_gnu_ld=yes
lt_cv_sys_global_symbol_pipe='sed -n -e '\''s/^.*[	 ]\([ABCDGIRSTW][ABCDGIRSTW]*\)[	 ][	 ]*\([_A-Za-z][_A-Za-z0-9]*\)$/\1 \2 \2/p'\'''
lt_cv_sys_global_symbol_to_c_name_address='sed -n -e '\''s/^: \([^ ]*\) $/  {\"\1\", (void *) 0},/p'\'' -e '\''s/^[ABCDGIRSTW]* \([^ ]*\) \([^ ]*\)$/  {"\2", (void *) \&\2},/p'\'''
lt_cv_sys_global_symbol_to_c_name_address_lib_prefix='sed -n -e '\''s/^: \([^ ]*\) $/  {\"\1\", (void *) 0},/p'\'' -e '\''s/^[ABCDGIRSTW]* \([^ ]*\) \(lib[^ ]*\)$/  {"\2", (void *) \&\2},/p'\'' -e '\''s/^[ABCDGIRSTW]* \([^ ]*\) \([^ ]*\)$/  {"lib\2", (void *) \&\2},/p'\'''
lt_cv_sys_global_symbol_to_cdecl='sed -n -e '\''s/^T .* \(.*\)$/extern int \1();/p'\'' -e '\''s/^[ABCDGIRSTW]* .* \(.*\)$/extern char \1;/p'\'''
lt_cv_sys_max_cmd_len=1572864
pkg_cv_OGG_CFLAGS=' '
pkg_cv_OGG_LIBS='-logg  '
pkg_cv_PNG_CFLAGS='-I/usr/include/libpng12  '
pkg_cv_PNG_LIBS='-lpng12  '
pkg_cv_VORBIS_CFLAGS=' '
pkg_cv_VORBIS_LIBS='-lvorbis -lm -logg  '

## ----------------- ##
## Output variables. ##
## ----------------- ##

ACLOCAL='${SHELL} /home/vic/qfusion/libsrcs/libtheora/missing --run aclocal-1.6'
ACLOCAL_AMFLAGS='-I m4'
AMDEPBACKSLASH='\'
AMDEP_FALSE='#'
AMDEP_TRUE=''
AMTAR='${SHELL} /home/vic/qfusion/libsrcs/libtheora/missing --run tar'
AR='ar'
AS='as'
AUTOCONF='${SHELL} /home/vic/qfusion/libsrcs/libtheora/missing --run autoconf'
AUTOHEADER='${SHELL} /home/vic/qfusion/libsrcs/libtheora/missing --run autoheader'
AUTOMAKE='${SHELL} /home/vic/qfusion/libsrcs/libtheora/missing --run automake-1.6'
AWK='mawk'
BINDIR='/usr/local/bin'
BUILDABLE_EXAMPLES=' player_example$(EXEEXT) png2theora$(EXEEXT)'
BUILD_SPEC_FALSE=''
BUILD_SPEC_TRUE='#'
CAIRO_CFLAGS=''
CAIRO_LIBS=''
CC='gcc'
CCDEPMODE='depmode=gcc3'
CFLAGS='-Wall -Wno-parentheses -O3 -fforce-addr -fomit-frame-pointer -finline-functions -funroll-loops  -m32'
CPP='gcc -E'
CPPFLAGS=''
CPU_x86_32_FALSE=''
CPU_x86_32_TRUE='#'
CPU_x86_64_FALSE='#'
CPU_x86_64_TRUE=''
DEBUG='-g -Wall -Wno-parentheses -DDEBUG -D__NO_MATH_INLINES'
DEFS='-DHAVE_CONFIG_H'
DEPDIR='.deps'
DLLTOOL='dlltool'
DOCDIR='/usr/local/share/doc'
DSYMUTIL=''
DUMPBIN=''
ECHO_C=''
ECHO_N='-n'
ECHO_T=''
EGREP='/bin/grep -E'
EXEEXT=''
FGREP='/bin/grep -F'
GETOPT_OBJS=''
GREP='/bin/grep'
HAVE_BIBTEX=''
HAVE_DOXYGEN='false'
HAVE_DOXYGEN_FALSE=''
HAVE_DOXYGEN_TRUE='#'
HAVE_PDFLATEX=''
HAVE_PKG_CONFIG='yes'
HAVE_TRANSFIG=''
HAVE_VALGRIND=''
INCLUDEDIR='/usr/local/include'
INSTALL_DATA='${INSTALL} -m 644'
INSTALL_PROGRAM='${INSTALL}'
INSTALL_SCRIPT='${INSTALL}'
INSTALL_STRIP_PROGRAM='${SHELL} $(install_sh) -c -s'
LD='/usr/bin/ld'
LDFLAGS=' -L/home/vic/qfusion/libsrcs/libtheora/../libogg/src/.libs/'
LIBDIR='/usr/local/lib'
LIBOBJS=''
LIBS=''
LIBTOOL='$(SHELL) $(top_builddir)/libtool'
LIPO=''
LN_S='ln -s'
LTLIBOBJS=''
MAINT='#'
MAINTAINER_MODE_FALSE=''
MAINTAINER_MODE_TRUE='#'
MAKEINFO='${SHELL} /home/vic/qfusion/libsrcs/libtheora/missing --run makeinfo'
NM='/usr/bin/nm -B'
NMEDIT=''
OBJDUMP='objdump'
OBJEXT='o'
OGG_CFLAGS=' '
OGG_LIBS='-logg  '
OSS_LIBS=''
OTOOL64=''
OTOOL=''
PACKAGE='libtheora'
PACKAGE_BUGREPORT=''
PACKAGE_NAME='libtheora'
PACKAGE_STRING='libtheora 1.1.1'
PACKAGE_TARNAME='libtheora'
PACKAGE_VERSION='1.1.1'
PATH_SEPARATOR=':'
PKG_CONFIG='/usr/bin/pkg-config'
PNG_CFLAGS='-I/usr/include/libpng12  '
PNG_LIBS='-lpng12  '
PROFILE='-Wall -Wno-parentheses -pg -g -O3 -fno-inline-functions -DDEBUG'
RANLIB='ranlib'
SDL_CFLAGS='-I/usr/include/SDL -D_GNU_SOURCE=1 -D_REENTRANT'
SDL_CONFIG='/usr/bin/sdl-config'
SDL_LIBS='-L/usr/lib/x86_64-linux-gnu -lSDL'
SED='/bin/sed'
SET_MAKE=''
SHELL='/bin/bash'
STRIP='strip'
THDEC_LIB_AGE='1'
THDEC_LIB_CURRENT='2'
THDEC_LIB_REVISION='4'
THENC_LIB_AGE='1'
THENC_LIB_CURRENT='2'
THENC_LIB_REVISION='2'
THEORADEC_LDFLAGS=' -Wl,--version-script=$(srcdir)/Version_script-dec'
THEORAENC_LDFLAGS=' -Wl,--version-script=$(srcdir)/Version_script-enc'
THEORA_DISABLE_ENCODE_FALSE='#'
THEORA_DISABLE_ENCODE_TRUE=''
THEORA_DISABLE_FLOAT_FALSE=''
THEORA_DISABLE_FLOAT_TRUE='#'
THEORA_ENABLE_EXAMPLES_FALSE=''
THEORA_ENABLE_EXAMPLES_TRUE='#'
THEORA_LDFLAGS=' -Wl,--version-script=$(srcdir)/Version_script'
TH_LIB_AGE='3'
TH_LIB_CURRENT='3'
TH_LIB_REVISION='10'
VALGRIND_ENVIRONMENT=''
VERSION='1.1.1'
VORBISENC_LIBS='-lvorbisenc'
VORBISFILE_LIBS=''
VORBIS_CFLAGS=' '
VORBIS_LIBS='-lvorbis -lm -logg  '
ac_ct_CC='gcc'
ac_ct_DUMPBIN=''
am__include='include'
am__quote=''
bindir='${exec_prefix}/bin'
build='x86_64-unknown-linux-gnu'
build_alias=''
build_cpu='x86_64'
build_os='linux-gnu'
build_vendor='unknown'
datadir='${datarootdir}'
datarootdir='${prefix}/share'
docdir='${datarootdir}/doc/${PACKAGE_TARNAME}'
dvidir='${docdir}'
exec_prefix='${prefix}'
host='x86_64-unknown-linux-gnu'
host_alias=''
host_cpu='x86_64'
host_os='linux-gnu'
host_vendor='unknown'
htmldir='${docdir}'
includedir='${prefix}/include'
infodir='${datarootdir}/info'
install_sh='/home/vic/qfusion/libsrcs/libtheora/install-sh'
libdir='${exec_prefix}/lib'
libexecdir='${exec_prefix}/libexec'
localedir='${datarootdir}/locale'
localstatedir='${prefix}/var'
lt_ECHO='echo'
mandir='${datarootdir}/man'
oldincludedir='/usr/include'
pdfdir='${docdir}'
prefix='/usr/local'
program_transform_name='s,x,x,'
psdir='${docdir}'
sbindir='${exec_prefix}/sbin'
sharedstatedir='${prefix}/com'
sysconfdir='${prefix}/etc'
target='x86_64-unknown-linux-gnu'
target_alias=''
target_cpu='x86_64'
target_os='linux-gnu'
target_vendor='unknown'

## ----------- ##
## confdefs.h. ##
## ----------- ##

#define PACKAGE_NAME "libtheora"
#define PACKAGE_TARNAME "libtheora"
#define PACKAGE_VERSION "1.1.1"
#define PACKAGE_STRING "libtheora 1.1.1"
#define PACKAGE_BUGREPORT ""
#define PACKAGE "libtheora"
#define VERSION "1.1.1"
#define STDC_HEADERS 1
#define HAVE_SYS_TYPES_H 1
#define HAVE_SYS_STAT_H 1
#define HAVE_STDLIB_H 1
#define HAVE_STRING_H 1
#define HAVE_MEMORY_H 1
#define HAVE_STRINGS_H 1
#define HAVE_INTTYPES_H 1
#define HAVE_STDINT_H 1
#define HAVE_UNISTD_H 1
#define HAVE_DLFCN_H 1
#define LT_OBJDIR ".libs/"
#define OC_X86_ASM /**/
#define OC_X86_64_ASM /**/
#define HAVE_SYS_SOUNDCARD_H 1
#define THEORA_DISABLE_ENCODE /**/

configure: exit 0
