  anticheat.c
  ascript.c
  base64.c
  cjson.c
  cl_null.c
  cm_main.c
  cm_q3bsp.c
  cm_trace.c
  cmd.c
  common.c
  conproc.c
  cvar.c
  dynvar.c
  files.c
  glob.c
  irc.c
  md5.c
  mem.c
  mlist.c
  mm_common.c
  Generating Code...
  Compiling...
  mm_query.c
  mm_rating.c
  msg.c
  net.c
  net_chan.c
  patch.c
  q_math.c
  q_shared.c
  snap_demos.c
  snap_write.c
  sv_ccmds.c
  sv_client.c
  sv_demos.c
  sv_game.c
  sv_init.c
  sv_main.c
  sv_mm.c
  sv_motd.c
  sv_oob.c
  sv_send.c
  Generating Code...
  Compiling...
  svnrev.c
  trie.c
  webdownload.c
  win_fs.c
  win_net.c
  win_sys.c
  wswcurl.c
  library.c
  win_lib.c
  Generating Code...
  qfusion_server.vcxproj -> D:\Projects\qfusion\source\Debug\x86\qfusion_server_x86.exe
