  cg_boneposes.cpp
  cg_chat.cpp
  cg_cmds.cpp
  cg_damage_indicator.cpp
  cg_decals.cpp
  cg_democams.cpp
  cg_draw.cpp
  cg_effects.cpp
  cg_ents.cpp
  cg_events.cpp
  cg_hud.cpp
  cg_lents.cpp
  cg_main.cpp
  cg_media.cpp
  cg_players.cpp
  cg_pmodels.cpp
  cg_polys.cpp
  cg_predict.cpp
  cg_scoreboard.cpp
  cg_screen.cpp
  Generating Code...
  Compiling...
  cg_syscalls.cpp
  cg_teams.cpp
  cg_test.cpp
  cg_view.cpp
  cg_vweap.cpp
  cg_wmodels.cpp
  gs_gameteams.c
  gs_items.c
  gs_misc.c
  gs_players.c
  gs_pmove.c
  gs_slidebox.c
  gs_weapondefs.c
  gs_weapons.c
  q_math.c
  q_shared.c
  Generating Code...
     Creating library .\Debug\x86\cgame_x86.lib and object .\Debug\x86\cgame_x86.exp
  cgame.vcxproj -> D:\Projects\qfusion\source\cgame\..\Debug\x86\base\cgame_x86.dll
