  ascript_null.c
  cl_null.c
  cm_main.c
  cm_q3bsp.c
  cm_trace.c
  cmd.c
  common.c
  conproc.c
  cvar.c
  dynvar.c
  files.c
  glob.c
  irc_null.c
  library.c
  md5.c
  mem.c
  mm_null.c
  msg.c
  net.c
  net_chan.c
  Generating Code...
  Compiling...
  patch.c
  q_math.c
  q_shared.c
  snap_demos.c
  snap_read.c
  snap_write.c
  svnrev.c
  trie.c
  tv_cmds.c
  tv_downstream.c
  tv_downstream_clcmd.c
  tv_downstream_oob.c
  tv_downstream_parse.c
  tv_lobby.c
  tv_main.c
  tv_relay.c
  tv_relay_client.c
  tv_relay_module.c
  tv_relay_parse.c
  tv_relay_svcmd.c
  Generating Code...
  Compiling...
  tv_upstream.c
  tv_upstream_demos.c
  tv_upstream_oob.c
  tv_upstream_parse.c
  tv_upstream_svcmd.c
  win_fs.c
  win_lib.c
  win_net.c
  win_sys.c
  wswcurl.c
  tvm_chase.c
  tvm_client.c
  tvm_clip.c
  tvm_cmds.c
  tvm_frame.c
  tvm_main.c
  tvm_misc.c
  tvm_pmove.c
  tvm_relay_cmds.c
  tvm_relay_snap.c
  Generating Code...
  Compiling...
  tvm_snap.c
  tvm_spawn.c
  tvm_spawnpoints.c
  tvm_syscalls.c
  Generating Code...
  tv_server.vcxproj -> D:\Projects\qfusion\source\tv_server\..\Debug\x86\tv_server_x86.exe
