  qas_precompiled.cpp
  q_math.c
  q_shared.c
  Generating Code...
  qas_angelwrap.cpp
  qas_main.cpp
  qas_syscalls.cpp
  Generating Code...
  addon_any.cpp
  addon_cvar.cpp
  addon_dictionary.cpp
  addon_math.cpp
  addon_scriptarray.cpp
  addon_string.cpp
  addon_stringutils.cpp
  addon_time.cpp
  addon_vec3.cpp
  Generating Code...
     Creating library .\Debug\x86\angelwrap_x86.lib and object .\Debug\x86\angelwrap_x86.exp
angelscript.lib(as_atomic.obj) : warning LNK4099: PDB 'vc100.pdb' was not found with 'angelscript.lib(as_atomic.obj)' or at 'D:\Projects\qfusion\source\angelwrap\Debug\x86\vc100.pdb'; linking object as if no debug info
angelscript.lib(as_builder.obj) : warning LNK4099: PDB 'vc100.pdb' was not found with 'angelscript.lib(as_builder.obj)' or at 'D:\Projects\qfusion\source\angelwrap\Debug\x86\vc100.pdb'; linking object as if no debug info
angelscript.lib(as_bytecode.obj) : warning LNK4099: PDB 'vc100.pdb' was not found with 'angelscript.lib(as_bytecode.obj)' or at 'D:\Projects\qfusion\source\angelwrap\Debug\x86\vc100.pdb'; linking object as if no debug info
angelscript.lib(as_callfunc.obj) : warning LNK4099: PDB 'vc100.pdb' was not found with 'angelscript.lib(as_callfunc.obj)' or at 'D:\Projects\qfusion\source\angelwrap\Debug\x86\vc100.pdb'; linking object as if no debug info
angelscript.lib(as_callfunc_x86.obj) : warning LNK4099: PDB 'vc100.pdb' was not found with 'angelscript.lib(as_callfunc_x86.obj)' or at 'D:\Projects\qfusion\source\angelwrap\Debug\x86\vc100.pdb'; linking object as if no debug info
angelscript.lib(as_compiler.obj) : warning LNK4099: PDB 'vc100.pdb' was not found with 'angelscript.lib(as_compiler.obj)' or at 'D:\Projects\qfusion\source\angelwrap\Debug\x86\vc100.pdb'; linking object as if no debug info
angelscript.lib(as_configgroup.obj) : warning LNK4099: PDB 'vc100.pdb' was not found with 'angelscript.lib(as_configgroup.obj)' or at 'D:\Projects\qfusion\source\angelwrap\Debug\x86\vc100.pdb'; linking object as if no debug info
angelscript.lib(as_context.obj) : warning LNK4099: PDB 'vc100.pdb' was not found with 'angelscript.lib(as_context.obj)' or at 'D:\Projects\qfusion\source\angelwrap\Debug\x86\vc100.pdb'; linking object as if no debug info
angelscript.lib(as_datatype.obj) : warning LNK4099: PDB 'vc100.pdb' was not found with 'angelscript.lib(as_datatype.obj)' or at 'D:\Projects\qfusion\source\angelwrap\Debug\x86\vc100.pdb'; linking object as if no debug info
angelscript.lib(as_gc.obj) : warning LNK4099: PDB 'vc100.pdb' was not found with 'angelscript.lib(as_gc.obj)' or at 'D:\Projects\qfusion\source\angelwrap\Debug\x86\vc100.pdb'; linking object as if no debug info
angelscript.lib(as_generic.obj) : warning LNK4099: PDB 'vc100.pdb' was not found with 'angelscript.lib(as_generic.obj)' or at 'D:\Projects\qfusion\source\angelwrap\Debug\x86\vc100.pdb'; linking object as if no debug info
angelscript.lib(as_globalproperty.obj) : warning LNK4099: PDB 'vc100.pdb' was not found with 'angelscript.lib(as_globalproperty.obj)' or at 'D:\Projects\qfusion\source\angelwrap\Debug\x86\vc100.pdb'; linking object as if no debug info
angelscript.lib(as_memory.obj) : warning LNK4099: PDB 'vc100.pdb' was not found with 'angelscript.lib(as_memory.obj)' or at 'D:\Projects\qfusion\source\angelwrap\Debug\x86\vc100.pdb'; linking object as if no debug info
angelscript.lib(as_module.obj) : warning LNK4099: PDB 'vc100.pdb' was not found with 'angelscript.lib(as_module.obj)' or at 'D:\Projects\qfusion\source\angelwrap\Debug\x86\vc100.pdb'; linking object as if no debug info
angelscript.lib(as_objecttype.obj) : warning LNK4099: PDB 'vc100.pdb' was not found with 'angelscript.lib(as_objecttype.obj)' or at 'D:\Projects\qfusion\source\angelwrap\Debug\x86\vc100.pdb'; linking object as if no debug info
angelscript.lib(as_outputbuffer.obj) : warning LNK4099: PDB 'vc100.pdb' was not found with 'angelscript.lib(as_outputbuffer.obj)' or at 'D:\Projects\qfusion\source\angelwrap\Debug\x86\vc100.pdb'; linking object as if no debug info
angelscript.lib(as_parser.obj) : warning LNK4099: PDB 'vc100.pdb' was not found with 'angelscript.lib(as_parser.obj)' or at 'D:\Projects\qfusion\source\angelwrap\Debug\x86\vc100.pdb'; linking object as if no debug info
angelscript.lib(as_restore.obj) : warning LNK4099: PDB 'vc100.pdb' was not found with 'angelscript.lib(as_restore.obj)' or at 'D:\Projects\qfusion\source\angelwrap\Debug\x86\vc100.pdb'; linking object as if no debug info
angelscript.lib(as_scriptcode.obj) : warning LNK4099: PDB 'vc100.pdb' was not found with 'angelscript.lib(as_scriptcode.obj)' or at 'D:\Projects\qfusion\source\angelwrap\Debug\x86\vc100.pdb'; linking object as if no debug info
angelscript.lib(as_scriptengine.obj) : warning LNK4099: PDB 'vc100.pdb' was not found with 'angelscript.lib(as_scriptengine.obj)' or at 'D:\Projects\qfusion\source\angelwrap\Debug\x86\vc100.pdb'; linking object as if no debug info
angelscript.lib(as_scriptfunction.obj) : warning LNK4099: PDB 'vc100.pdb' was not found with 'angelscript.lib(as_scriptfunction.obj)' or at 'D:\Projects\qfusion\source\angelwrap\Debug\x86\vc100.pdb'; linking object as if no debug info
angelscript.lib(as_scriptnode.obj) : warning LNK4099: PDB 'vc100.pdb' was not found with 'angelscript.lib(as_scriptnode.obj)' or at 'D:\Projects\qfusion\source\angelwrap\Debug\x86\vc100.pdb'; linking object as if no debug info
angelscript.lib(as_scriptobject.obj) : warning LNK4099: PDB 'vc100.pdb' was not found with 'angelscript.lib(as_scriptobject.obj)' or at 'D:\Projects\qfusion\source\angelwrap\Debug\x86\vc100.pdb'; linking object as if no debug info
angelscript.lib(as_string.obj) : warning LNK4099: PDB 'vc100.pdb' was not found with 'angelscript.lib(as_string.obj)' or at 'D:\Projects\qfusion\source\angelwrap\Debug\x86\vc100.pdb'; linking object as if no debug info
angelscript.lib(as_string_util.obj) : warning LNK4099: PDB 'vc100.pdb' was not found with 'angelscript.lib(as_string_util.obj)' or at 'D:\Projects\qfusion\source\angelwrap\Debug\x86\vc100.pdb'; linking object as if no debug info
angelscript.lib(as_thread.obj) : warning LNK4099: PDB 'vc100.pdb' was not found with 'angelscript.lib(as_thread.obj)' or at 'D:\Projects\qfusion\source\angelwrap\Debug\x86\vc100.pdb'; linking object as if no debug info
angelscript.lib(as_tokenizer.obj) : warning LNK4099: PDB 'vc100.pdb' was not found with 'angelscript.lib(as_tokenizer.obj)' or at 'D:\Projects\qfusion\source\angelwrap\Debug\x86\vc100.pdb'; linking object as if no debug info
angelscript.lib(as_typeinfo.obj) : warning LNK4099: PDB 'vc100.pdb' was not found with 'angelscript.lib(as_typeinfo.obj)' or at 'D:\Projects\qfusion\source\angelwrap\Debug\x86\vc100.pdb'; linking object as if no debug info
angelscript.lib(as_variablescope.obj) : warning LNK4099: PDB 'vc100.pdb' was not found with 'angelscript.lib(as_variablescope.obj)' or at 'D:\Projects\qfusion\source\angelwrap\Debug\x86\vc100.pdb'; linking object as if no debug info
  angelwrap.vcxproj -> D:\Projects\qfusion\source\angelwrap\..\Debug\x86\libs\angelwrap_x86.dll
