This file contains any messages produced by compilers while
running configure, to aid debugging if configure makes a mistake.

It was created by libvorbis configure 1.3.3, which was
generated by GNU Autoconf 2.68.  Invocation command line was

  $ ./configure --enable-maintainer-mode --disable-docs

## --------- ##
## Platform. ##
## --------- ##

hostname = gitlab.picmip.org
uname -m = x86_64
uname -r = 3.5.0-34-generic
uname -s = Linux
uname -v = #55~precise1-Ubuntu SMP Fri Jun 7 16:25:50 UTC 2013

/usr/bin/uname -p = unknown
/bin/uname -X     = unknown

/bin/arch              = unknown
/usr/bin/arch -k       = unknown
/usr/convex/getsysinfo = unknown
/usr/bin/hostinfo      = unknown
/bin/machine           = unknown
/usr/bin/oslevel       = unknown
/bin/universe          = unknown

PATH: /usr/local/sbin
PATH: /usr/local/bin
PATH: /usr/sbin
PATH: /usr/bin
PATH: /sbin
PATH: /bin
PATH: /usr/games


## ----------- ##
## Core tests. ##
## ----------- ##

configure:2329: checking build system type
configure:2343: result: x86_64-unknown-linux-gnu
configure:2363: checking host system type
configure:2376: result: x86_64-unknown-linux-gnu
configure:2396: checking target system type
configure:2409: result: x86_64-unknown-linux-gnu
configure:2452: checking for a BSD-compatible install
configure:2520: result: /usr/bin/install -c
configure:2531: checking whether build environment is sane
configure:2581: result: yes
configure:2722: checking for a thread-safe mkdir -p
configure:2761: result: /bin/mkdir -p
configure:2774: checking for gawk
configure:2804: result: no
configure:2774: checking for mawk
configure:2790: found /usr/bin/mawk
configure:2801: result: mawk
configure:2812: checking whether make sets $(MAKE)
configure:2834: result: yes
configure:2915: checking whether to enable maintainer-specific portions of Makefiles
configure:2924: result: yes
configure:3016: checking for gcc
configure:3032: found /usr/bin/gcc
configure:3043: result: gcc
configure:3272: checking for C compiler version
configure:3281: gcc --version >&5
gcc (Ubuntu/Linaro 4.6.3-1ubuntu5) 4.6.3
Copyright (C) 2011 Free Software Foundation, Inc.
This is free software; see the source for copying conditions.  There is NO
warranty; not even for MERCHANTABILITY or FITNESS FOR A PARTICULAR PURPOSE.

configure:3292: $? = 0
configure:3281: gcc -v >&5
Using built-in specs.
COLLECT_GCC=gcc
COLLECT_LTO_WRAPPER=/usr/lib/gcc/x86_64-linux-gnu/4.6/lto-wrapper
Target: x86_64-linux-gnu
Configured with: ../src/configure -v --with-pkgversion='Ubuntu/Linaro 4.6.3-1ubuntu5' --with-bugurl=file:///usr/share/doc/gcc-4.6/README.Bugs --enable-languages=c,c++,fortran,objc,obj-c++ --prefix=/usr --program-suffix=-4.6 --enable-shared --enable-linker-build-id --with-system-zlib --libexecdir=/usr/lib --without-included-gettext --enable-threads=posix --with-gxx-include-dir=/usr/include/c++/4.6 --libdir=/usr/lib --enable-nls --with-sysroot=/ --enable-clocale=gnu --enable-libstdcxx-debug --enable-libstdcxx-time=yes --enable-gnu-unique-object --enable-plugin --enable-objc-gc --disable-werror --with-arch-32=i686 --with-tune=generic --enable-checking=release --build=x86_64-linux-gnu --host=x86_64-linux-gnu --target=x86_64-linux-gnu
Thread model: posix
gcc version 4.6.3 (Ubuntu/Linaro 4.6.3-1ubuntu5) 
configure:3292: $? = 0
configure:3281: gcc -V >&5
gcc: error: unrecognized option '-V'
gcc: fatal error: no input files
compilation terminated.
configure:3292: $? = 4
configure:3281: gcc -qversion >&5
gcc: error: unrecognized option '-qversion'
gcc: fatal error: no input files
compilation terminated.
configure:3292: $? = 4
configure:3312: checking whether the C compiler works
configure:3334: gcc  -m32   -L/home/vic/qfusion/libsrcs/libvorbis/../libogg/src/.libs/ conftest.c  >&5
configure:3338: $? = 0
configure:3386: result: yes
configure:3389: checking for C compiler default output file name
configure:3391: result: a.out
configure:3397: checking for suffix of executables
configure:3404: gcc -o conftest  -m32   -L/home/vic/qfusion/libsrcs/libvorbis/../libogg/src/.libs/ conftest.c  >&5
configure:3408: $? = 0
configure:3430: result: 
configure:3452: checking whether we are cross compiling
configure:3460: gcc -o conftest  -m32   -L/home/vic/qfusion/libsrcs/libvorbis/../libogg/src/.libs/ conftest.c  >&5
configure:3464: $? = 0
configure:3471: ./conftest
configure:3475: $? = 0
configure:3490: result: no
configure:3495: checking for suffix of object files
configure:3517: gcc -c  -m32  conftest.c >&5
configure:3521: $? = 0
configure:3542: result: o
configure:3546: checking whether we are using the GNU C compiler
configure:3565: gcc -c  -m32  conftest.c >&5
configure:3565: $? = 0
configure:3574: result: yes
configure:3583: checking whether gcc accepts -g
configure:3603: gcc -c -g  conftest.c >&5
configure:3603: $? = 0
configure:3644: result: yes
configure:3661: checking for gcc option to accept ISO C89
configure:3725: gcc  -c  -m32  conftest.c >&5
configure:3725: $? = 0
configure:3738: result: none needed
configure:3769: checking for style of include used by make
configure:3797: result: GNU
configure:3823: checking dependency style of gcc
configure:3934: result: gcc3
configure:3954: checking how to run the C preprocessor
configure:3985: gcc -E  conftest.c
configure:3985: $? = 0
configure:3999: gcc -E  conftest.c
conftest.c:11:28: fatal error: ac_nonexistent.h: No such file or directory
compilation terminated.
configure:3999: $? = 1
configure: failed program was:
| /* confdefs.h */
| #define PACKAGE_NAME "libvorbis"
| #define PACKAGE_TARNAME "libvorbis"
| #define PACKAGE_VERSION "1.3.3"
| #define PACKAGE_STRING "libvorbis 1.3.3"
| #define PACKAGE_BUGREPORT "vorbis-dev@xiph.org"
| #define PACKAGE_URL ""
| #define PACKAGE "libvorbis"
| #define VERSION "1.3.3"
| /* end confdefs.h.  */
| #include <ac_nonexistent.h>
configure:4024: result: gcc -E
configure:4044: gcc -E  conftest.c
configure:4044: $? = 0
configure:4058: gcc -E  conftest.c
conftest.c:11:28: fatal error: ac_nonexistent.h: No such file or directory
compilation terminated.
configure:4058: $? = 1
configure: failed program was:
| /* confdefs.h */
| #define PACKAGE_NAME "libvorbis"
| #define PACKAGE_TARNAME "libvorbis"
| #define PACKAGE_VERSION "1.3.3"
| #define PACKAGE_STRING "libvorbis 1.3.3"
| #define PACKAGE_BUGREPORT "vorbis-dev@xiph.org"
| #define PACKAGE_URL ""
| #define PACKAGE "libvorbis"
| #define VERSION "1.3.3"
| /* end confdefs.h.  */
| #include <ac_nonexistent.h>
configure:4089: checking for inline
configure:4105: gcc -c  -m32  conftest.c >&5
configure:4105: $? = 0
configure:4113: result: inline
configure:4481: checking how to print strings
configure:4508: result: printf
configure:4529: checking for a sed that does not truncate output
configure:4593: result: /bin/sed
configure:4611: checking for grep that handles long lines and -e
configure:4669: result: /bin/grep
configure:4674: checking for egrep
configure:4736: result: /bin/grep -E
configure:4741: checking for fgrep
configure:4803: result: /bin/grep -F
configure:4838: checking for ld used by gcc
configure:4905: result: /usr/bin/ld
configure:4912: checking if the linker (/usr/bin/ld) is GNU ld
configure:4927: result: yes
configure:4939: checking for BSD- or MS-compatible name lister (nm)
configure:4988: result: /usr/bin/nm -B
configure:5118: checking the name lister (/usr/bin/nm -B) interface
configure:5125: gcc -c  -m32  conftest.c >&5
configure:5128: /usr/bin/nm -B "conftest.o"
configure:5131: output
00000000 B some_variable
configure:5138: result: BSD nm
configure:5141: checking whether ln -s works
configure:5145: result: yes
configure:5153: checking the maximum length of command line arguments
configure:5283: result: 1572864
configure:5300: checking whether the shell understands some XSI constructs
configure:5310: result: yes
configure:5314: checking whether the shell understands "+="
configure:5320: result: yes
configure:5355: checking how to convert x86_64-unknown-linux-gnu file names to x86_64-unknown-linux-gnu format
configure:5395: result: func_convert_file_noop
configure:5402: checking how to convert x86_64-unknown-linux-gnu file names to toolchain format
configure:5422: result: func_convert_file_noop
configure:5429: checking for /usr/bin/ld option to reload object files
configure:5436: result: -r
configure:5510: checking for objdump
configure:5537: result: objdump
configure:5566: checking how to recognize dependent libraries
configure:5768: result: pass_all
configure:5853: checking for dlltool
configure:5880: result: dlltool
configure:5910: checking how to associate runtime and link libraries
configure:5937: result: printf %s\n
configure:5997: checking for ar
configure:6013: found /usr/bin/ar
configure:6024: result: ar
configure:6061: checking for archiver @FILE support
configure:6078: gcc -c  -m32  conftest.c >&5
configure:6078: $? = 0
configure:6081: ar cru libconftest.a @conftest.lst >&5
configure:6084: $? = 0
configure:6089: ar cru libconftest.a @conftest.lst >&5
ar: conftest.o: No such file or directory
configure:6092: $? = 1
configure:6104: result: @
configure:6162: checking for strip
configure:6178: found /usr/bin/strip
configure:6189: result: strip
configure:6261: checking for ranlib
configure:6277: found /usr/bin/ranlib
configure:6288: result: ranlib
configure:6390: checking command to parse /usr/bin/nm -B output from gcc object
configure:6510: gcc -c  -m32  conftest.c >&5
configure:6513: $? = 0
configure:6517: /usr/bin/nm -B conftest.o \| sed -n -e 's/^.*[ ]\([ABCDGIRSTW][ABCDGIRSTW]*\)[ ][ ]*\([_A-Za-z][_A-Za-z0-9]*\)$/\1 \2 \2/p' | sed '/ __gnu_lto/d' \> conftest.nm
configure:6520: $? = 0
configure:6586: gcc -o conftest  -m32   -L/home/vic/qfusion/libsrcs/libvorbis/../libogg/src/.libs/ conftest.c conftstm.o >&5
configure:6589: $? = 0
configure:6627: result: ok
configure:6664: checking for sysroot
configure:6694: result: no
configure:6771: gcc -c  -m32  conftest.c >&5
configure:6774: $? = 0
configure:6950: checking for mt
configure:6966: found /bin/mt
configure:6977: result: mt
configure:7000: checking if mt is a manifest tool
configure:7006: mt '-?'
configure:7014: result: no
configure:7652: checking for ANSI C header files
configure:7672: gcc -c  -m32  conftest.c >&5
configure:7672: $? = 0
configure:7745: gcc -o conftest  -m32   -L/home/vic/qfusion/libsrcs/libvorbis/../libogg/src/.libs/ conftest.c  >&5
configure:7745: $? = 0
configure:7745: ./conftest
configure:7745: $? = 0
configure:7756: result: yes
configure:7769: checking for sys/types.h
configure:7769: gcc -c  -m32  conftest.c >&5
configure:7769: $? = 0
configure:7769: result: yes
configure:7769: checking for sys/stat.h
configure:7769: gcc -c  -m32  conftest.c >&5
configure:7769: $? = 0
configure:7769: result: yes
configure:7769: checking for stdlib.h
configure:7769: gcc -c  -m32  conftest.c >&5
configure:7769: $? = 0
configure:7769: result: yes
configure:7769: checking for string.h
configure:7769: gcc -c  -m32  conftest.c >&5
configure:7769: $? = 0
configure:7769: result: yes
configure:7769: checking for memory.h
configure:7769: gcc -c  -m32  conftest.c >&5
configure:7769: $? = 0
configure:7769: result: yes
configure:7769: checking for strings.h
configure:7769: gcc -c  -m32  conftest.c >&5
configure:7769: $? = 0
configure:7769: result: yes
configure:7769: checking for inttypes.h
configure:7769: gcc -c  -m32  conftest.c >&5
configure:7769: $? = 0
configure:7769: result: yes
configure:7769: checking for stdint.h
configure:7769: gcc -c  -m32  conftest.c >&5
configure:7769: $? = 0
configure:7769: result: yes
configure:7769: checking for unistd.h
configure:7769: gcc -c  -m32  conftest.c >&5
configure:7769: $? = 0
configure:7769: result: yes
configure:7783: checking for dlfcn.h
configure:7783: gcc -c  -m32  conftest.c >&5
configure:7783: $? = 0
configure:7783: result: yes
configure:7987: checking for objdir
configure:8002: result: .libs
configure:8269: checking if gcc supports -fno-rtti -fno-exceptions
configure:8287: gcc -c  -m32  -fno-rtti -fno-exceptions conftest.c >&5
cc1: warning: command line option '-fno-rtti' is valid for C++/ObjC++ but not for C [enabled by default]
configure:8291: $? = 0
configure:8304: result: no
configure:8631: checking for gcc option to produce PIC
configure:8638: result: -fPIC -DPIC
configure:8646: checking if gcc PIC flag -fPIC -DPIC works
configure:8664: gcc -c  -m32  -fPIC -DPIC -DPIC conftest.c >&5
configure:8668: $? = 0
configure:8681: result: yes
configure:8710: checking if gcc static flag -static works
configure:8738: result: yes
configure:8753: checking if gcc supports -c -o file.o
configure:8774: gcc -c  -m32  -o out/conftest2.o conftest.c >&5
configure:8778: $? = 0
configure:8800: result: yes
configure:8808: checking if gcc supports -c -o file.o
configure:8855: result: yes
configure:8888: checking whether the gcc linker (/usr/bin/ld -m elf_i386) supports shared libraries
configure:10045: result: yes
configure:10082: checking whether -lc should be explicitly linked in
configure:10090: gcc -c  -m32  conftest.c >&5
configure:10093: $? = 0
configure:10108: gcc -shared  -fPIC -DPIC conftest.o  -v -Wl,-soname -Wl,conftest -o conftest 2\>\&1 \| /bin/grep  -lc  \>/dev/null 2\>\&1
configure:10111: $? = 0
configure:10125: result: no
configure:10285: checking dynamic linker characteristics
configure:10796: gcc -o conftest  -m32   -L/home/vic/qfusion/libsrcs/libvorbis/../libogg/src/.libs/ -Wl,-rpath -Wl,/foo conftest.c  >&5
configure:10796: $? = 0
configure:11030: result: GNU/Linux ld.so
configure:11137: checking how to hardcode library paths into programs
configure:11162: result: immediate
configure:11702: checking whether stripping libraries is possible
configure:11707: result: yes
configure:11742: checking if libtool supports shared libraries
configure:11744: result: yes
configure:11747: checking whether to build shared libraries
configure:11768: result: yes
configure:11771: checking whether to build static libraries
configure:11775: result: yes
configure:11813: checking whether gcc and cc understand -c and -o together
configure:11844: gcc -c conftest.c -o conftest2.o >&5
configure:11848: $? = 0
configure:11854: gcc -c conftest.c -o conftest2.o >&5
configure:11858: $? = 0
configure:11869: cc -c conftest.c >&5
configure:11873: $? = 0
configure:11881: cc -c conftest.c -o conftest2.o >&5
configure:11885: $? = 0
configure:11891: cc -c conftest.c -o conftest2.o >&5
configure:11895: $? = 0
configure:11913: result: yes
configure:12141: checking GCC version
configure:12144: result: 4.6
configure:12285: checking if gcc accepts -Wdeclaration-after-statement
configure:12300: gcc -o conftest -O20 -Wall -Wextra -ffast-math -D_REENTRANT -fsigned-char -Wdeclaration-after-statement   -L/home/vic/qfusion/libsrcs/libvorbis/../libogg/src/.libs/ conftest.c  >&5
configure:12300: $? = 0
configure:12301: result: yes
configure:12315: checking for memory.h
configure:12315: result: yes
configure:12327: checking for cos in -lm
configure:12352: gcc -o conftest -O20 -Wall -Wextra -ffast-math -D_REENTRANT -fsigned-char -Wdeclaration-after-statement  -m32 -DUSE_MEMORY_H   -L/home/vic/qfusion/libsrcs/libvorbis/../libogg/src/.libs/ conftest.c -lm   >&5
conftest.c:30:6: warning: conflicting types for built-in function 'cos' [enabled by default]
configure:12352: $? = 0
configure:12361: result: yes
configure:12369: checking for pthread_create in -lpthread
configure:12394: gcc -o conftest -O20 -Wall -Wextra -ffast-math -D_REENTRANT -fsigned-char -Wdeclaration-after-statement  -m32 -DUSE_MEMORY_H   -L/home/vic/qfusion/libsrcs/libvorbis/../libogg/src/.libs/ conftest.c -lpthread   >&5
configure:12394: $? = 0
configure:12403: result: yes
configure:12461: checking for pkg-config
configure:12479: found /usr/bin/pkg-config
configure:12491: result: /usr/bin/pkg-config
configure:12516: checking pkg-config is at least version 0.9.0
configure:12519: result: yes
configure:12534: checking for OGG
configure:12542: $PKG_CONFIG --exists --print-errors "ogg >= 1.0"
configure:12545: $? = 0
configure:12560: $PKG_CONFIG --exists --print-errors "ogg >= 1.0"
configure:12563: $? = 0
configure:12599: result: yes
configure:12782: checking for size_t
configure:12782: gcc -c -O20 -Wall -Wextra -ffast-math -D_REENTRANT -fsigned-char -Wdeclaration-after-statement  -m32 -DUSE_MEMORY_H  conftest.c >&5
configure:12782: $? = 0
configure:12782: gcc -c -O20 -Wall -Wextra -ffast-math -D_REENTRANT -fsigned-char -Wdeclaration-after-statement  -m32 -DUSE_MEMORY_H  conftest.c >&5
conftest.c: In function 'main':
conftest.c:59:21: error: expected expression before ')' token
configure:12782: $? = 1
configure: failed program was:
| /* confdefs.h */
| #define PACKAGE_NAME "libvorbis"
| #define PACKAGE_TARNAME "libvorbis"
| #define PACKAGE_VERSION "1.3.3"
| #define PACKAGE_STRING "libvorbis 1.3.3"
| #define PACKAGE_BUGREPORT "vorbis-dev@xiph.org"
| #define PACKAGE_URL ""
| #define PACKAGE "libvorbis"
| #define VERSION "1.3.3"
| #define STDC_HEADERS 1
| #define HAVE_SYS_TYPES_H 1
| #define HAVE_SYS_STAT_H 1
| #define HAVE_STDLIB_H 1
| #define HAVE_STRING_H 1
| #define HAVE_MEMORY_H 1
| #define HAVE_STRINGS_H 1
| #define HAVE_INTTYPES_H 1
| #define HAVE_STDINT_H 1
| #define HAVE_UNISTD_H 1
| #define HAVE_DLFCN_H 1
| #define LT_OBJDIR ".libs/"
| /* end confdefs.h.  */
| #include <stdio.h>
| #ifdef HAVE_SYS_TYPES_H
| # include <sys/types.h>
| #endif
| #ifdef HAVE_SYS_STAT_H
| # include <sys/stat.h>
| #endif
| #ifdef STDC_HEADERS
| # include <stdlib.h>
| # include <stddef.h>
| #else
| # ifdef HAVE_STDLIB_H
| #  include <stdlib.h>
| # endif
| #endif
| #ifdef HAVE_STRING_H
| # if !defined STDC_HEADERS && defined HAVE_MEMORY_H
| #  include <memory.h>
| # endif
| # include <string.h>
| #endif
| #ifdef HAVE_STRINGS_H
| # include <strings.h>
| #endif
| #ifdef HAVE_INTTYPES_H
| # include <inttypes.h>
| #endif
| #ifdef HAVE_STDINT_H
| # include <stdint.h>
| #endif
| #ifdef HAVE_UNISTD_H
| # include <unistd.h>
| #endif
| int
| main ()
| {
| if (sizeof ((size_t)))
| 	    return 0;
|   ;
|   return 0;
| }
configure:12782: result: yes
configure:12795: checking for working alloca.h
configure:12812: gcc -o conftest -O20 -Wall -Wextra -ffast-math -D_REENTRANT -fsigned-char -Wdeclaration-after-statement  -m32 -DUSE_MEMORY_H   -L/home/vic/qfusion/libsrcs/libvorbis/../libogg/src/.libs/ conftest.c  >&5
configure:12812: $? = 0
configure:12820: result: yes
configure:12828: checking for alloca
configure:12865: gcc -o conftest -O20 -Wall -Wextra -ffast-math -D_REENTRANT -fsigned-char -Wdeclaration-after-statement  -m32 -DUSE_MEMORY_H   -L/home/vic/qfusion/libsrcs/libvorbis/../libogg/src/.libs/ conftest.c  >&5
configure:12865: $? = 0
configure:12873: result: yes
configure:12982: checking for working memcmp
configure:13025: gcc -o conftest -O20 -Wall -Wextra -ffast-math -D_REENTRANT -fsigned-char -Wdeclaration-after-statement  -m32 -DUSE_MEMORY_H   -L/home/vic/qfusion/libsrcs/libvorbis/../libogg/src/.libs/ conftest.c  >&5
configure:13025: $? = 0
configure:13025: ./conftest
configure:13025: $? = 0
configure:13035: result: yes
configure:13201: creating ./config.status

## ---------------------- ##
## Running config.status. ##
## ---------------------- ##

This file was extended by libvorbis config.status 1.3.3, which was
generated by GNU Autoconf 2.68.  Invocation command line was

  CONFIG_FILES    = 
  CONFIG_HEADERS  = 
  CONFIG_LINKS    = 
  CONFIG_COMMANDS = 
  $ ./config.status 

on gitlab.picmip.org

config.status:1151: creating Makefile
config.status:1151: creating m4/Makefile
config.status:1151: creating lib/Makefile
config.status:1151: creating lib/modes/Makefile
config.status:1151: creating lib/books/Makefile
config.status:1151: creating lib/books/coupled/Makefile
config.status:1151: creating lib/books/uncoupled/Makefile
config.status:1151: creating lib/books/floor/Makefile
config.status:1151: creating doc/Makefile
config.status:1151: creating doc/vorbisfile/Makefile
config.status:1151: creating doc/vorbisenc/Makefile
config.status:1151: creating doc/libvorbis/Makefile
config.status:1151: creating doc/Doxyfile
config.status:1151: creating include/Makefile
config.status:1151: creating include/vorbis/Makefile
config.status:1151: creating examples/Makefile
config.status:1151: creating test/Makefile
config.status:1151: creating vq/Makefile
config.status:1151: creating libvorbis.spec
config.status:1151: creating vorbis.pc
config.status:1151: creating vorbisenc.pc
config.status:1151: creating vorbisfile.pc
config.status:1151: creating vorbis-uninstalled.pc
config.status:1151: creating vorbisenc-uninstalled.pc
config.status:1151: creating vorbisfile-uninstalled.pc
config.status:1151: creating config.h
config.status:1380: executing depfiles commands
config.status:1380: executing libtool commands

## ---------------- ##
## Cache variables. ##
## ---------------- ##

ac_cv_build=x86_64-unknown-linux-gnu
ac_cv_c_compiler_gnu=yes
ac_cv_c_inline=inline
ac_cv_env_CC_set=
ac_cv_env_CC_value=
ac_cv_env_CFLAGS_set=set
ac_cv_env_CFLAGS_value=' -m32'
ac_cv_env_CPPFLAGS_set=
ac_cv_env_CPPFLAGS_value=
ac_cv_env_CPP_set=
ac_cv_env_CPP_value=
ac_cv_env_LDFLAGS_set=set
ac_cv_env_LDFLAGS_value=' -L/home/vic/qfusion/libsrcs/libvorbis/../libogg/src/.libs/'
ac_cv_env_LIBS_set=
ac_cv_env_LIBS_value=
ac_cv_env_OGG_CFLAGS_set=
ac_cv_env_OGG_CFLAGS_value=
ac_cv_env_OGG_LIBS_set=
ac_cv_env_OGG_LIBS_value=
ac_cv_env_PKG_CONFIG_set=
ac_cv_env_PKG_CONFIG_value=
ac_cv_env_build_alias_set=
ac_cv_env_build_alias_value=
ac_cv_env_host_alias_set=
ac_cv_env_host_alias_value=
ac_cv_env_target_alias_set=
ac_cv_env_target_alias_value=
ac_cv_func_alloca_works=yes
ac_cv_func_memcmp_working=yes
ac_cv_header_dlfcn_h=yes
ac_cv_header_inttypes_h=yes
ac_cv_header_memory_h=yes
ac_cv_header_stdc=yes
ac_cv_header_stdint_h=yes
ac_cv_header_stdlib_h=yes
ac_cv_header_string_h=yes
ac_cv_header_strings_h=yes
ac_cv_header_sys_stat_h=yes
ac_cv_header_sys_types_h=yes
ac_cv_header_unistd_h=yes
ac_cv_host=x86_64-unknown-linux-gnu
ac_cv_lib_m_cos=yes
ac_cv_lib_pthread_pthread_create=yes
ac_cv_objext=o
ac_cv_path_EGREP='/bin/grep -E'
ac_cv_path_FGREP='/bin/grep -F'
ac_cv_path_GREP=/bin/grep
ac_cv_path_SED=/bin/sed
ac_cv_path_ac_pt_PKG_CONFIG=/usr/bin/pkg-config
ac_cv_path_install='/usr/bin/install -c'
ac_cv_path_mkdir=/bin/mkdir
ac_cv_prog_AWK=mawk
ac_cv_prog_CPP='gcc -E'
ac_cv_prog_ac_ct_AR=ar
ac_cv_prog_ac_ct_CC=gcc
ac_cv_prog_ac_ct_DLLTOOL=dlltool
ac_cv_prog_ac_ct_MANIFEST_TOOL=mt
ac_cv_prog_ac_ct_OBJDUMP=objdump
ac_cv_prog_ac_ct_RANLIB=ranlib
ac_cv_prog_ac_ct_STRIP=strip
ac_cv_prog_cc_c89=
ac_cv_prog_cc_g=yes
ac_cv_prog_cc_gcc_c_o=yes
ac_cv_prog_make_make_set=yes
ac_cv_target=x86_64-unknown-linux-gnu
ac_cv_type_size_t=yes
ac_cv_working_alloca_h=yes
am_cv_CC_dependencies_compiler_type=gcc3
lt_cv_ar_at_file=@
lt_cv_archive_cmds_need_lc=no
lt_cv_deplibs_check_method=pass_all
lt_cv_file_magic_cmd='$MAGIC_CMD'
lt_cv_file_magic_test_file=
lt_cv_ld_reload_flag=-r
lt_cv_nm_interface='BSD nm'
lt_cv_objdir=.libs
lt_cv_path_LD=/usr/bin/ld
lt_cv_path_NM='/usr/bin/nm -B'
lt_cv_path_mainfest_tool=no
lt_cv_prog_compiler_c_o=yes
lt_cv_prog_compiler_pic='-fPIC -DPIC'
lt_cv_prog_compiler_pic_works=yes
lt_cv_prog_compiler_rtti_exceptions=no
lt_cv_prog_compiler_static_works=yes
lt_cv_prog_gnu_ld=yes
lt_cv_sharedlib_from_linklib_cmd='printf %s\n'
lt_cv_shlibpath_overrides_runpath=no
lt_cv_sys_global_symbol_pipe='sed -n -e '\''s/^.*[	 ]\([ABCDGIRSTW][ABCDGIRSTW]*\)[	 ][	 ]*\([_A-Za-z][_A-Za-z0-9]*\)$/\1 \2 \2/p'\'' | sed '\''/ __gnu_lto/d'\'''
lt_cv_sys_global_symbol_to_c_name_address='sed -n -e '\''s/^: \([^ ]*\)[ ]*$/  {\"\1\", (void *) 0},/p'\'' -e '\''s/^[ABCDGIRSTW]* \([^ ]*\) \([^ ]*\)$/  {"\2", (void *) \&\2},/p'\'''
lt_cv_sys_global_symbol_to_c_name_address_lib_prefix='sed -n -e '\''s/^: \([^ ]*\)[ ]*$/  {\"\1\", (void *) 0},/p'\'' -e '\''s/^[ABCDGIRSTW]* \([^ ]*\) \(lib[^ ]*\)$/  {"\2", (void *) \&\2},/p'\'' -e '\''s/^[ABCDGIRSTW]* \([^ ]*\) \([^ ]*\)$/  {"lib\2", (void *) \&\2},/p'\'''
lt_cv_sys_global_symbol_to_cdecl='sed -n -e '\''s/^T .* \(.*\)$/extern int \1();/p'\'' -e '\''s/^[ABCDGIRSTW]* .* \(.*\)$/extern char \1;/p'\'''
lt_cv_sys_max_cmd_len=1572864
lt_cv_to_host_file_cmd=func_convert_file_noop
lt_cv_to_tool_file_cmd=func_convert_file_noop
pkg_cv_OGG_CFLAGS=' '
pkg_cv_OGG_LIBS='-logg  '

## ----------------- ##
## Output variables. ##
## ----------------- ##

ACLOCAL='${SHELL} /home/vic/qfusion/libsrcs/libvorbis/missing --run aclocal-1.11'
ACLOCAL_AMFLAGS='-I m4'
ALLOCA=''
AMDEPBACKSLASH='\'
AMDEP_FALSE='#'
AMDEP_TRUE=''
AMTAR='$${TAR-tar}'
AR='ar'
AS='as'
AUTOCONF='${SHELL} /home/vic/qfusion/libsrcs/libvorbis/missing --run autoconf'
AUTOHEADER='${SHELL} /home/vic/qfusion/libsrcs/libvorbis/missing --run autoheader'
AUTOMAKE='${SHELL} /home/vic/qfusion/libsrcs/libvorbis/missing --run automake-1.11'
AWK='mawk'
BUILD_DOCS_FALSE=''
BUILD_DOCS_TRUE='#'
BUILD_EXAMPLES_FALSE=''
BUILD_EXAMPLES_TRUE='#'
CC='gcc'
CCDEPMODE='depmode=gcc3'
CFLAGS='-O20 -Wall -Wextra -ffast-math -D_REENTRANT -fsigned-char -Wdeclaration-after-statement  -m32 -DUSE_MEMORY_H'
CPP='gcc -E'
CPPFLAGS=''
CYGPATH_W='echo'
DEBUG='-g -Wall -Wextra -D_REENTRANT -D__NO_MATH_INLINES -fsigned-char'
DEFS='-DHAVE_CONFIG_H'
DEPDIR='.deps'
DLLTOOL='dlltool'
DSYMUTIL=''
DUMPBIN=''
ECHO_C=''
ECHO_N='-n'
ECHO_T=''
EGREP='/bin/grep -E'
EXEEXT=''
FGREP='/bin/grep -F'
GREP='/bin/grep'
HAVE_DOXYGEN='false'
HAVE_DOXYGEN_FALSE=''
HAVE_DOXYGEN_TRUE='#'
HTLATEX=''
INSTALL_DATA='${INSTALL} -m 644'
INSTALL_PROGRAM='${INSTALL}'
INSTALL_SCRIPT='${INSTALL}'
INSTALL_STRIP_PROGRAM='$(install_sh) -c -s'
LD='/usr/bin/ld -m elf_i386'
LDFLAGS=' -L/home/vic/qfusion/libsrcs/libvorbis/../libogg/src/.libs/'
LIBOBJS=''
LIBS=''
LIBTOOL='$(SHELL) $(top_builddir)/libtool'
LIBTOOL_DEPS='./ltmain.sh'
LIPO=''
LN_S='ln -s'
LTLIBOBJS=''
MAINT=''
MAINTAINER_MODE_FALSE='#'
MAINTAINER_MODE_TRUE=''
MAKEINFO='${SHELL} /home/vic/qfusion/libsrcs/libvorbis/missing --run makeinfo'
MANIFEST_TOOL=':'
MKDIR_P='/bin/mkdir -p'
NM='/usr/bin/nm -B'
NMEDIT=''
OBJDUMP='objdump'
OBJEXT='o'
OGG_CFLAGS=' '
OGG_LIBS='-logg  '
OTOOL64=''
OTOOL=''
PACKAGE='libvorbis'
PACKAGE_BUGREPORT='vorbis-dev@xiph.org'
PACKAGE_NAME='libvorbis'
PACKAGE_STRING='libvorbis 1.3.3'
PACKAGE_TARNAME='libvorbis'
PACKAGE_URL=''
PACKAGE_VERSION='1.3.3'
PATH_SEPARATOR=':'
PDFLATEX=''
PKG_CONFIG='/usr/bin/pkg-config'
PROFILE='-pg -g -O20 -ffast-math -D_REENTRANT -fsigned-char'
RANLIB='ranlib'
SED='/bin/sed'
SET_MAKE=''
SHELL='/bin/bash'
STRIP='strip'
VERSION='1.3.3'
VE_LIB_AGE='0'
VE_LIB_CURRENT='2'
VE_LIB_REVISION='9'
VF_LIB_AGE='3'
VF_LIB_CURRENT='6'
VF_LIB_REVISION='5'
VORBIS_LIBS='-lm'
V_LIB_AGE='4'
V_LIB_CURRENT='4'
V_LIB_REVISION='6'
ac_ct_AR='ar'
ac_ct_CC='gcc'
ac_ct_DUMPBIN=''
am__EXEEXT_FALSE=''
am__EXEEXT_TRUE='#'
am__fastdepCC_FALSE='#'
am__fastdepCC_TRUE=''
am__include='include'
am__isrc=''
am__leading_dot='.'
am__nodep='_no'
am__quote=''
am__tar='$${TAR-tar} chof - "$$tardir"'
am__untar='$${TAR-tar} xf -'
bindir='${exec_prefix}/bin'
build='x86_64-unknown-linux-gnu'
build_alias=''
build_cpu='x86_64'
build_os='linux-gnu'
build_vendor='unknown'
datadir='${datarootdir}'
datarootdir='${prefix}/share'
docdir='${datarootdir}/doc/${PACKAGE_TARNAME}'
dvidir='${docdir}'
exec_prefix='${prefix}'
host='x86_64-unknown-linux-gnu'
host_alias=''
host_cpu='x86_64'
host_os='linux-gnu'
host_vendor='unknown'
htmldir='${docdir}'
includedir='${prefix}/include'
infodir='${datarootdir}/info'
install_sh='${SHELL} /home/vic/qfusion/libsrcs/libvorbis/install-sh'
libdir='${exec_prefix}/lib'
libexecdir='${exec_prefix}/libexec'
localedir='${datarootdir}/locale'
localstatedir='${prefix}/var'
mandir='${datarootdir}/man'
mkdir_p='/bin/mkdir -p'
oldincludedir='/usr/include'
pdfdir='${docdir}'
prefix='/usr/local'
program_transform_name='s,x,x,'
psdir='${docdir}'
pthread_lib='-lpthread'
sbindir='${exec_prefix}/sbin'
sharedstatedir='${prefix}/com'
sysconfdir='${prefix}/etc'
target='x86_64-unknown-linux-gnu'
target_alias=''
target_cpu='x86_64'
target_os='linux-gnu'
target_vendor='unknown'

## ----------- ##
## confdefs.h. ##
## ----------- ##

/* confdefs.h */
#define PACKAGE_NAME "libvorbis"
#define PACKAGE_TARNAME "libvorbis"
#define PACKAGE_VERSION "1.3.3"
#define PACKAGE_STRING "libvorbis 1.3.3"
#define PACKAGE_BUGREPORT "vorbis-dev@xiph.org"
#define PACKAGE_URL ""
#define PACKAGE "libvorbis"
#define VERSION "1.3.3"
#define STDC_HEADERS 1
#define HAVE_SYS_TYPES_H 1
#define HAVE_SYS_STAT_H 1
#define HAVE_STDLIB_H 1
#define HAVE_STRING_H 1
#define HAVE_MEMORY_H 1
#define HAVE_STRINGS_H 1
#define HAVE_INTTYPES_H 1
#define HAVE_STDINT_H 1
#define HAVE_UNISTD_H 1
#define HAVE_DLFCN_H 1
#define LT_OBJDIR ".libs/"
#define HAVE_ALLOCA_H 1
#define HAVE_ALLOCA 1

configure: exit 0

## ---------------------- ##
## Running config.status. ##
## ---------------------- ##

This file was extended by libvorbis config.status 1.3.3, which was
generated by GNU Autoconf 2.68.  Invocation command line was

  CONFIG_FILES    = 
  CONFIG_HEADERS  = 
  CONFIG_LINKS    = 
  CONFIG_COMMANDS = 
  $ ./config.status config.h

on gitlab.picmip.org

config.status:1151: creating config.h
config.status:1332: config.h is unchanged
